#
# There is insufficient memory for the Java Runtime Environment to continue.
# Native memory allocation (malloc) failed to allocate 987536 bytes. Error detail: Chunk::new
# Possible reasons:
#   The system is out of physical RAM or swap space
#   This process is running with CompressedOops enabled, and the Java Heap may be blocking the growth of the native heap
# Possible solutions:
#   Reduce memory load on the system
#   Increase physical memory or swap space
#   Check if swap backing store is full
#   Decrease Java heap size (-Xmx/-Xms)
#   Decrease number of Java threads
#   Decrease Java thread stack sizes (-Xss)
#   Set larger code cache with -XX:ReservedCodeCacheSize=
#   JVM is running with Unscaled Compressed Oops mode in which the Java heap is
#     placed in the first 4GB address space. The Java Heap base address is the
#     maximum limit for the native heap growth. Please use -XX:HeapBaseMinAddress
#     to set the Java Heap base and to place the Java Heap above 4GB virtual address.
# This output file may be truncated or incomplete.
#
#  Out of Memory Error (arena.cpp:168), pid=8112, tid=28836
#
# JRE version: OpenJDK Runtime Environment Temurin-21.0.9+10 (21.0.9+10) (build 21.0.9+10-LTS)
# Java VM: OpenJDK 64-Bit Server VM Temurin-21.0.9+10 (21.0.9+10-LTS, mixed mode, sharing, tiered, compressed oops, compressed class ptrs, parallel gc, windows-amd64)
# No core dump will be written. Minidumps are not enabled by default on client versions of Windows
#

---------------  S U M M A R Y ------------

Command Line: --add-modules=ALL-SYSTEM --add-opens=java.base/java.util=ALL-UNNAMED --add-opens=java.base/java.lang=ALL-UNNAMED --add-opens=java.base/sun.nio.fs=ALL-UNNAMED -Declipse.application=org.eclipse.jdt.ls.core.id1 -Dosgi.bundles.defaultStartLevel=4 -Declipse.product=org.eclipse.jdt.ls.core.product -Djava.import.generatesMetadataFilesAtProjectRoot=false -DDetectVMInstallationsJob.disabled=true -Dfile.encoding=utf8 -XX:+UseParallelGC -XX:GCTimeRatio=4 -XX:AdaptiveSizePolicyWeight=90 -Dsun.zip.disableMemoryMapping=true -Xmx2G -Xms100m -Xlog:disable -javaagent:c:\Users\JEREMIE\.vscode\extensions\redhat.java-1.52.0-win32-x64\lombok\lombok-1.18.39-4050.jar c:\Users\JEREMIE\.vscode\extensions\redhat.java-1.52.0-win32-x64\server\plugins\org.eclipse.equinox.launcher_1.7.100.v20251111-0406.jar -configuration c:\Users\JEREMIE\AppData\Roaming\Code\User\globalStorage\redhat.java\1.52.0\config_ss_win -data c:\Users\JEREMIE\AppData\Roaming\Code\User\workspaceStorage\63474e2ec000af6b422a27403d030dcc\redhat.java\ss_ws --pipe=\\.\pipe\lsp-e975deeab3418f06468ebc6860108db3-sock

Host: Intel(R) Core(TM) i7-8565U CPU @ 1.80GHz, 8 cores, 7G,  Windows 11 , 64 bit Build 22621 (10.0.22621.5415)
Time: Thu Feb 19 13:39:52 2026 Paris, Madrid elapsed time: 33.392639 seconds (0d 0h 0m 33s)

---------------  T H R E A D  ---------------

Current thread (0x00000249db09e720):  JavaThread "C2 CompilerThread0" daemon [_thread_in_native, id=28836, stack(0x0000004b9d600000,0x0000004b9d700000) (1024K)]


Current CompileTask:
C2:33392 5976       4       org.eclipse.jdt.internal.compiler.lookup.BinaryTypeBinding::createMethod (1666 bytes)

Stack: [0x0000004b9d600000,0x0000004b9d700000]
Native frames: (J=compiled Java code, j=interpreted, Vv=VM code, C=native code)
V  [jvm.dll+0x6d6e29]
V  [jvm.dll+0x8b4b76]
V  [jvm.dll+0x8b712e]
V  [jvm.dll+0x8b7813]
V  [jvm.dll+0x283d86]
V  [jvm.dll+0xc66ed]
V  [jvm.dll+0xc6c31]
V  [jvm.dll+0x2facee]
V  [jvm.dll+0x5fde44]
V  [jvm.dll+0x255557]
V  [jvm.dll+0x25591d]
V  [jvm.dll+0x24df40]
V  [jvm.dll+0x24b482]
V  [jvm.dll+0x1cb13e]
V  [jvm.dll+0x25b29d]
V  [jvm.dll+0x25982a]
V  [jvm.dll+0x3f7ea6]
V  [jvm.dll+0x85e9ad]
V  [jvm.dll+0x6d565d]
C  [ucrtbase.dll+0x29333]
C  [KERNEL32.DLL+0x1259d]
C  [ntdll.dll+0x5af78]


---------------  P R O C E S S  ---------------

Threads class SMR info:
_java_thread_list=0x00000249f8ba1f50, length=37, elements={
0x00000249d8b717f0, 0x00000249daf9c440, 0x00000249daf9db90, 0x00000249db097140,
0x00000249db0982d0, 0x00000249db0991e0, 0x00000249db09cc50, 0x00000249db09e720,
0x00000249db0a62f0, 0x00000249f3496840, 0x00000249f3652470, 0x00000249f3bf5ca0,
0x00000249f3e5b120, 0x00000249f3b2dbf0, 0x00000249f3c25be0, 0x00000249f810c200,
0x00000249f8241430, 0x00000249f825ad90, 0x00000249f8236da0, 0x00000249f8f8b330,
0x00000249f8f8c6e0, 0x00000249f8f89f80, 0x00000249f8f8c050, 0x00000249f8f8a610,
0x00000249f8f89260, 0x00000249f8f8b9c0, 0x00000249f8f898f0, 0x00000249f8f8aca0,
0x00000249f978e410, 0x00000249f97925b0, 0x00000249f9791f20, 0x00000249f978eaa0,
0x00000249f9791890, 0x00000249f97904e0, 0x00000249f978d6f0, 0x00000249f978d060,
0x00000249f9792c40
}

Java Threads: ( => current thread )
  0x00000249d8b717f0 JavaThread "main"                              [_thread_blocked, id=38360, stack(0x0000004b9cc00000,0x0000004b9cd00000) (1024K)]
  0x00000249daf9c440 JavaThread "Reference Handler"          daemon [_thread_blocked, id=8400, stack(0x0000004b9d000000,0x0000004b9d100000) (1024K)]
  0x00000249daf9db90 JavaThread "Finalizer"                  daemon [_thread_blocked, id=5684, stack(0x0000004b9d100000,0x0000004b9d200000) (1024K)]
  0x00000249db097140 JavaThread "Signal Dispatcher"          daemon [_thread_blocked, id=14144, stack(0x0000004b9d200000,0x0000004b9d300000) (1024K)]
  0x00000249db0982d0 JavaThread "Attach Listener"            daemon [_thread_blocked, id=1304, stack(0x0000004b9d300000,0x0000004b9d400000) (1024K)]
  0x00000249db0991e0 JavaThread "Service Thread"             daemon [_thread_blocked, id=28864, stack(0x0000004b9d400000,0x0000004b9d500000) (1024K)]
  0x00000249db09cc50 JavaThread "Monitor Deflation Thread"   daemon [_thread_blocked, id=28172, stack(0x0000004b9d500000,0x0000004b9d600000) (1024K)]
=>0x00000249db09e720 JavaThread "C2 CompilerThread0"         daemon [_thread_in_native, id=28836, stack(0x0000004b9d600000,0x0000004b9d700000) (1024K)]
  0x00000249db0a62f0 JavaThread "C1 CompilerThread0"         daemon [_thread_blocked, id=34316, stack(0x0000004b9d700000,0x0000004b9d800000) (1024K)]
  0x00000249f3496840 JavaThread "Common-Cleaner"             daemon [_thread_blocked, id=18364, stack(0x0000004b9d800000,0x0000004b9d900000) (1024K)]
  0x00000249f3652470 JavaThread "Notification Thread"        daemon [_thread_blocked, id=25088, stack(0x0000004b9d900000,0x0000004b9da00000) (1024K)]
  0x00000249f3bf5ca0 JavaThread "Active Thread: Equinox Container: 84c0558d-8fe3-4c70-9327-92c39d3f985a"        [_thread_blocked, id=1544, stack(0x0000004b9e000000,0x0000004b9e100000) (1024K)]
  0x00000249f3e5b120 JavaThread "Framework Event Dispatcher: Equinox Container: 84c0558d-8fe3-4c70-9327-92c39d3f985a" daemon [_thread_blocked, id=25640, stack(0x0000004b9e100000,0x0000004b9e200000) (1024K)]
  0x00000249f3b2dbf0 JavaThread "Start Level: Equinox Container: 84c0558d-8fe3-4c70-9327-92c39d3f985a" daemon [_thread_blocked, id=34576, stack(0x0000004b9e200000,0x0000004b9e300000) (1024K)]
  0x00000249f3c25be0 JavaThread "SCR Component Actor"        daemon [_thread_blocked, id=24044, stack(0x0000004b9e400000,0x0000004b9e500000) (1024K)]
  0x00000249f810c200 JavaThread "Worker-JM"                         [_thread_blocked, id=9848, stack(0x0000004b9e600000,0x0000004b9e700000) (1024K)]
  0x00000249f8241430 JavaThread "JNA Cleaner"                daemon [_thread_blocked, id=14724, stack(0x0000004b9e700000,0x0000004b9e800000) (1024K)]
  0x00000249f825ad90 JavaThread "Worker-0"                          [_thread_blocked, id=35744, stack(0x0000004b9e800000,0x0000004b9e900000) (1024K)]
  0x00000249f8236da0 JavaThread "Worker-1: Publish Diagnostics"        [_thread_in_vm, id=26192, stack(0x0000004b9e900000,0x0000004b9ea00000) (1024K)]
  0x00000249f8f8b330 JavaThread "Thread-1"                   daemon [_thread_in_native, id=14740, stack(0x0000004b9eb00000,0x0000004b9ec00000) (1024K)]
  0x00000249f8f8c6e0 JavaThread "Thread-2"                   daemon [_thread_in_native, id=15116, stack(0x0000004b9ec00000,0x0000004b9ed00000) (1024K)]
  0x00000249f8f89f80 JavaThread "Thread-3"                   daemon [_thread_in_native, id=35792, stack(0x0000004b9ed00000,0x0000004b9ee00000) (1024K)]
  0x00000249f8f8c050 JavaThread "Thread-4"                   daemon [_thread_in_native, id=9088, stack(0x0000004b9ee00000,0x0000004b9ef00000) (1024K)]
  0x00000249f8f8a610 JavaThread "Thread-5"                   daemon [_thread_in_native, id=17572, stack(0x0000004b9ef00000,0x0000004b9f000000) (1024K)]
  0x00000249f8f89260 JavaThread "Thread-6"                   daemon [_thread_in_native, id=16084, stack(0x0000004b9f000000,0x0000004b9f100000) (1024K)]
  0x00000249f8f8b9c0 JavaThread "Thread-7"                   daemon [_thread_in_native, id=16380, stack(0x0000004b9f100000,0x0000004b9f200000) (1024K)]
  0x00000249f8f898f0 JavaThread "Thread-8"                   daemon [_thread_in_native, id=23480, stack(0x0000004b9f200000,0x0000004b9f300000) (1024K)]
  0x00000249f8f8aca0 JavaThread "Thread-9"                   daemon [_thread_in_native, id=28580, stack(0x0000004b9f300000,0x0000004b9f400000) (1024K)]
  0x00000249f978e410 JavaThread "pool-2-thread-1"                   [_thread_blocked, id=9348, stack(0x0000004b9f400000,0x0000004b9f500000) (1024K)]
  0x00000249f97925b0 JavaThread "Worker-2"                          [_thread_blocked, id=26336, stack(0x0000004b9f500000,0x0000004b9f600000) (1024K)]
  0x00000249f9791f20 JavaThread "Worker-3"                          [_thread_blocked, id=15020, stack(0x0000004b9f600000,0x0000004b9f700000) (1024K)]
  0x00000249f978eaa0 JavaThread "WorkspaceEventsHandler"            [_thread_blocked, id=19444, stack(0x0000004b9f700000,0x0000004b9f800000) (1024K)]
  0x00000249f9791890 JavaThread "pool-1-thread-1"                   [_thread_blocked, id=13016, stack(0x0000004b9f800000,0x0000004b9f900000) (1024K)]
  0x00000249f97904e0 JavaThread "ForkJoinPool.commonPool-worker-1" daemon [_thread_blocked, id=30996, stack(0x0000004b9f900000,0x0000004b9fa00000) (1024K)]
  0x00000249f978d6f0 JavaThread "ForkJoinPool.commonPool-worker-2" daemon [_thread_blocked, id=16172, stack(0x0000004b9fa00000,0x0000004b9fb00000) (1024K)]
  0x00000249f978d060 JavaThread "ForkJoinPool.commonPool-worker-3" daemon [_thread_blocked, id=24580, stack(0x0000004b9fb00000,0x0000004b9fc00000) (1024K)]
  0x00000249f9792c40 JavaThread "ForkJoinPool.commonPool-worker-4" daemon [_thread_blocked, id=27808, stack(0x0000004b9fc00000,0x0000004b9fd00000) (1024K)]
Total: 37

Other Threads:
  0x00000249db094c30 VMThread "VM Thread"                           [id=31112, stack(0x0000004b9cf00000,0x0000004b9d000000) (1024K)]
  0x00000249dae7ba00 WatcherThread "VM Periodic Task Thread"        [id=22396, stack(0x0000004b9ce00000,0x0000004b9cf00000) (1024K)]
  0x00000249db037240 WorkerThread "GC Thread#0"                     [id=11572, stack(0x0000004b9cd00000,0x0000004b9ce00000) (1024K)]
  0x00000249f388a200 WorkerThread "GC Thread#1"                     [id=34512, stack(0x0000004b9da00000,0x0000004b9db00000) (1024K)]
  0x00000249f388a970 WorkerThread "GC Thread#2"                     [id=27020, stack(0x0000004b9db00000,0x0000004b9dc00000) (1024K)]
  0x00000249f388ad10 WorkerThread "GC Thread#3"                     [id=1888, stack(0x0000004b9dc00000,0x0000004b9dd00000) (1024K)]
  0x00000249f388b0b0 WorkerThread "GC Thread#4"                     [id=19592, stack(0x0000004b9dd00000,0x0000004b9de00000) (1024K)]
  0x00000249f388b450 WorkerThread "GC Thread#5"                     [id=17416, stack(0x0000004b9de00000,0x0000004b9df00000) (1024K)]
  0x00000249f39914b0 WorkerThread "GC Thread#6"                     [id=15872, stack(0x0000004b9df00000,0x0000004b9e000000) (1024K)]
  0x00000249f39909d0 WorkerThread "GC Thread#7"                     [id=38092, stack(0x0000004b9e300000,0x0000004b9e400000) (1024K)]
Total: 10

Threads with active compile tasks:
C2 CompilerThread0  33502 5976       4       org.eclipse.jdt.internal.compiler.lookup.BinaryTypeBinding::createMethod (1666 bytes)
Total: 1

VM state: not at safepoint (normal execution)

VM Mutex/Monitor currently owned by a thread:  ([mutex/lock_event])
[0x00007ffb7e0cb4f0] Metaspace_lock - owner thread: 0x00000249f8236da0

Heap address: 0x0000000080000000, size: 2048 MB, Compressed Oops mode: 32-bit

CDS archive(s) mapped at: [0x0000024980000000-0x0000024980ba0000-0x0000024980ba0000), size 12189696, SharedBaseAddress: 0x0000024980000000, ArchiveRelocationMode: 1.
Compressed class space mapped at: 0x0000024981000000-0x00000249c1000000, reserved size: 1073741824
Narrow klass base: 0x0000024980000000, Narrow klass shift: 0, Narrow klass range: 0x100000000

GC Precious Log:
 CardTable entry size: 512
 CPUs: 8 total, 8 available
 Memory: 7971M
 Large Page Support: Disabled
 NUMA Support: Disabled
 Compressed Oops: Enabled (32-bit)
 Alignments: Space 512K, Generation 512K, Heap 2M
 Heap Min Capacity: 100M
 Heap Initial Capacity: 100M
 Heap Max Capacity: 2G
 Pre-touch: Disabled
 Parallel Workers: 8

Heap:
 PSYoungGen      total 22016K, used 17157K [0x00000000d5580000, 0x00000000d6e80000, 0x0000000100000000)
  eden space 20992K, 76% used [0x00000000d5580000,0x00000000d6546910,0x00000000d6a00000)
  from space 1024K, 97% used [0x00000000d6c00000,0x00000000d6cfab50,0x00000000d6d00000)
  to   space 2048K, 0% used [0x00000000d6a00000,0x00000000d6a00000,0x00000000d6c00000)
 ParOldGen       total 68608K, used 32564K [0x0000000080000000, 0x0000000084300000, 0x00000000d5580000)
  object space 68608K, 47% used [0x0000000080000000,0x0000000081fcd368,0x0000000084300000)
 Metaspace       used 42244K, committed 43200K, reserved 1114112K
  class space    used 4236K, committed 4672K, reserved 1048576K

Card table byte_map: [0x00000249da990000,0x00000249dada0000] _byte_map_base: 0x00000249da590000

Marking Bits: (ParMarkBitMap*) 0x00007ffb7e0d2460
 Begin Bits: [0x00000249ed4a0000, 0x00000249ef4a0000)
 End Bits:   [0x00000249ef4a0000, 0x00000249f14a0000)

Polling page: 0x00000249d8db0000

Metaspace:

Usage:
  Non-class:     37.12 MB used.
      Class:      4.14 MB used.
       Both:     41.25 MB used.

Virtual space:
  Non-class space:       64.00 MB reserved,      37.62 MB ( 59%) committed,  1 nodes.
      Class space:        1.00 GB reserved,       4.56 MB ( <1%) committed,  1 nodes.
             Both:        1.06 GB reserved,      42.19 MB (  4%) committed. 

Chunk freelists:
   Non-Class:  10.30 MB
       Class:  11.46 MB
        Both:  21.75 MB

MaxMetaspaceSize: unlimited
CompressedClassSpaceSize: 1.00 GB
Initial GC threshold: 21.00 MB
Current GC threshold: 58.38 MB
CDS: on
 - commit_granule_bytes: 65536.
 - commit_granule_words: 8192.
 - virtual_space_node_default_size: 8388608.
 - enlarge_chunks_in_place: 1.
 - use_allocation_guard: 0.


Internal statistics:

num_allocs_failed_limit: 6.
num_arena_births: 866.
num_arena_deaths: 18.
num_vsnodes_births: 2.
num_vsnodes_deaths: 0.
num_space_committed: 675.
num_space_uncommitted: 0.
num_chunks_returned_to_freelist: 26.
num_chunks_taken_from_freelist: 2645.
num_chunk_merges: 12.
num_chunk_splits: 1688.
num_chunks_enlarged: 1060.
num_inconsistent_stats: 0.

CodeHeap 'non-profiled nmethods': size=120000Kb used=2981Kb max_used=2981Kb free=117018Kb
 bounds [0x00000249e5cc0000, 0x00000249e5fb0000, 0x00000249ed1f0000]
CodeHeap 'profiled nmethods': size=120000Kb used=13113Kb max_used=13113Kb free=106886Kb
 bounds [0x00000249de1f0000, 0x00000249deec0000, 0x00000249e5720000]
CodeHeap 'non-nmethods': size=5760Kb used=1399Kb max_used=1443Kb free=4360Kb
 bounds [0x00000249e5720000, 0x00000249e5990000, 0x00000249e5cc0000]
CodeCache: size=245760Kb, used=17493Kb, max_used=17537Kb, free=228264Kb
 total_blobs=6453, nmethods=5747, adapters=612, full_count=0
Compilation: enabled, stopped_count=0, restarted_count=0

Compilation events (20 events):
Event: 33.382 Thread 0x00000249db0a62f0 nmethod 6133 0x00000249deea9810 code [0x00000249deea9da0, 0x00000249deeacdd0]
Event: 33.382 Thread 0x00000249db0a62f0 6136       1       org.eclipse.jdt.internal.core.SourceMethodElementInfo::setArgumentNames (6 bytes)
Event: 33.382 Thread 0x00000249db0a62f0 nmethod 6136 0x00000249e5fa8290 code [0x00000249e5fa8420, 0x00000249e5fa8500]
Event: 33.382 Thread 0x00000249db0a62f0 6137       1       org.eclipse.jdt.internal.core.SourceMethodElementInfo::setExceptionTypeNames (6 bytes)
Event: 33.382 Thread 0x00000249db0a62f0 nmethod 6137 0x00000249e5fa8590 code [0x00000249e5fa8720, 0x00000249e5fa8800]
Event: 33.382 Thread 0x00000249db0a62f0 6138       1       org.eclipse.jdt.internal.compiler.ast.AbstractMethodDeclaration::isDefaultConstructor (2 bytes)
Event: 33.382 Thread 0x00000249db0a62f0 nmethod 6138 0x00000249e5fa8890 code [0x00000249e5fa8a20, 0x00000249e5fa8ae8]
Event: 33.382 Thread 0x00000249db0a62f0 6139       1       org.eclipse.jdt.internal.core.SourceMethodInfo::setReturnType (6 bytes)
Event: 33.383 Thread 0x00000249db0a62f0 nmethod 6139 0x00000249e5fa8b90 code [0x00000249e5fa8d20, 0x00000249e5fa8e00]
Event: 33.383 Thread 0x00000249db0a62f0 6134       1       lombok.core.configuration.ConfigurationKey::getType (5 bytes)
Event: 33.383 Thread 0x00000249db0a62f0 nmethod 6134 0x00000249e5fa8e90 code [0x00000249e5fa9020, 0x00000249e5fa90e8]
Event: 33.383 Thread 0x00000249db0a62f0 6135       1       lombok.core.configuration.ConfigurationDataType::isList (5 bytes)
Event: 33.383 Thread 0x00000249db0a62f0 nmethod 6135 0x00000249e5fa9190 code [0x00000249e5fa9320, 0x00000249e5fa93f0]
Event: 33.384 Thread 0x00000249db0a62f0 6140       3       org.eclipse.jdt.internal.compiler.lookup.Scope::enclosingClassScope (28 bytes)
Event: 33.384 Thread 0x00000249db0a62f0 nmethod 6140 0x00000249deeadd10 code [0x00000249deeadee0, 0x00000249deeae2f0]
Event: 33.385 Thread 0x00000249db0a62f0 6141       3       org.eclipse.jdt.internal.compiler.lookup.TypeBinding::isAnonymousType (17 bytes)
Event: 33.385 Thread 0x00000249db0a62f0 nmethod 6141 0x00000249deeae410 code [0x00000249deeae5c0, 0x00000249deeae740]
Event: 33.387 Thread 0x00000249db0a62f0 6142       3       org.eclipse.jdt.internal.core.JavaElement::getChildren (26 bytes)
Event: 33.387 Thread 0x00000249db0a62f0 nmethod 6142 0x00000249deeae810 code [0x00000249deeae9e0, 0x00000249deeaeeb8]
Event: 33.387 Thread 0x00000249db0a62f0 6143       3       org.eclipse.jdt.internal.compiler.lookup.SplitPackageBinding::combineAll (202 bytes)

GC Heap History (20 events):
Event: 26.183 GC heap before
{Heap before GC invocations=17 (full 1):
 PSYoungGen      total 24064K, used 23648K [0x00000000d5580000, 0x00000000d7080000, 0x0000000100000000)
  eden space 21504K, 100% used [0x00000000d5580000,0x00000000d6a80000,0x00000000d6a80000)
  from space 2560K, 83% used [0x00000000d6a80000,0x00000000d6c98010,0x00000000d6d00000)
  to   space 3072K, 0% used [0x00000000d6d80000,0x00000000d6d80000,0x00000000d7080000)
 ParOldGen       total 68608K, used 25311K [0x0000000080000000, 0x0000000084300000, 0x00000000d5580000)
  object space 68608K, 36% used [0x0000000080000000,0x00000000818b7dd0,0x0000000084300000)
 Metaspace       used 32415K, committed 33408K, reserved 1114112K
  class space    used 3266K, committed 3712K, reserved 1048576K
}
Event: 26.191 GC heap after
{Heap after GC invocations=17 (full 1):
 PSYoungGen      total 23552K, used 2040K [0x00000000d5580000, 0x00000000d6f80000, 0x0000000100000000)
  eden space 21504K, 0% used [0x00000000d5580000,0x00000000d5580000,0x00000000d6a80000)
  from space 2048K, 99% used [0x00000000d6d80000,0x00000000d6f7e220,0x00000000d6f80000)
  to   space 2560K, 0% used [0x00000000d6a80000,0x00000000d6a80000,0x00000000d6d00000)
 ParOldGen       total 68608K, used 27343K [0x0000000080000000, 0x0000000084300000, 0x00000000d5580000)
  object space 68608K, 39% used [0x0000000080000000,0x0000000081ab3de0,0x0000000084300000)
 Metaspace       used 32415K, committed 33408K, reserved 1114112K
  class space    used 3266K, committed 3712K, reserved 1048576K
}
Event: 26.924 GC heap before
{Heap before GC invocations=18 (full 1):
 PSYoungGen      total 23552K, used 23544K [0x00000000d5580000, 0x00000000d6f80000, 0x0000000100000000)
  eden space 21504K, 100% used [0x00000000d5580000,0x00000000d6a80000,0x00000000d6a80000)
  from space 2048K, 99% used [0x00000000d6d80000,0x00000000d6f7e220,0x00000000d6f80000)
  to   space 2560K, 0% used [0x00000000d6a80000,0x00000000d6a80000,0x00000000d6d00000)
 ParOldGen       total 68608K, used 27343K [0x0000000080000000, 0x0000000084300000, 0x00000000d5580000)
  object space 68608K, 39% used [0x0000000080000000,0x0000000081ab3de0,0x0000000084300000)
 Metaspace       used 34780K, committed 35712K, reserved 1114112K
  class space    used 3521K, committed 3968K, reserved 1048576K
}
Event: 26.932 GC heap after
{Heap after GC invocations=18 (full 1):
 PSYoungGen      total 23040K, used 1510K [0x00000000d5580000, 0x00000000d6e80000, 0x0000000100000000)
  eden space 21504K, 0% used [0x00000000d5580000,0x00000000d5580000,0x00000000d6a80000)
  from space 1536K, 98% used [0x00000000d6a80000,0x00000000d6bf99a0,0x00000000d6c00000)
  to   space 2048K, 0% used [0x00000000d6c80000,0x00000000d6c80000,0x00000000d6e80000)
 ParOldGen       total 68608K, used 29296K [0x0000000080000000, 0x0000000084300000, 0x00000000d5580000)
  object space 68608K, 42% used [0x0000000080000000,0x0000000081c9c000,0x0000000084300000)
 Metaspace       used 34780K, committed 35712K, reserved 1114112K
  class space    used 3521K, committed 3968K, reserved 1048576K
}
Event: 26.940 GC heap before
{Heap before GC invocations=19 (full 1):
 PSYoungGen      total 23040K, used 2095K [0x00000000d5580000, 0x00000000d6e80000, 0x0000000100000000)
  eden space 21504K, 2% used [0x00000000d5580000,0x00000000d56123b8,0x00000000d6a80000)
  from space 1536K, 98% used [0x00000000d6a80000,0x00000000d6bf99a0,0x00000000d6c00000)
  to   space 2048K, 0% used [0x00000000d6c80000,0x00000000d6c80000,0x00000000d6e80000)
 ParOldGen       total 68608K, used 29296K [0x0000000080000000, 0x0000000084300000, 0x00000000d5580000)
  object space 68608K, 42% used [0x0000000080000000,0x0000000081c9c000,0x0000000084300000)
 Metaspace       used 34906K, committed 35840K, reserved 1114112K
  class space    used 3525K, committed 3968K, reserved 1048576K
}
Event: 26.944 GC heap after
{Heap after GC invocations=19 (full 1):
 PSYoungGen      total 22016K, used 128K [0x00000000d5580000, 0x00000000d6d00000, 0x0000000100000000)
  eden space 21504K, 0% used [0x00000000d5580000,0x00000000d5580000,0x00000000d6a80000)
  from space 512K, 25% used [0x00000000d6c80000,0x00000000d6ca0000,0x00000000d6d00000)
  to   space 1024K, 0% used [0x00000000d6b00000,0x00000000d6b00000,0x00000000d6c00000)
 ParOldGen       total 68608K, used 30636K [0x0000000080000000, 0x0000000084300000, 0x00000000d5580000)
  object space 68608K, 44% used [0x0000000080000000,0x0000000081deb398,0x0000000084300000)
 Metaspace       used 34906K, committed 35840K, reserved 1114112K
  class space    used 3525K, committed 3968K, reserved 1048576K
}
Event: 26.944 GC heap before
{Heap before GC invocations=20 (full 2):
 PSYoungGen      total 22016K, used 128K [0x00000000d5580000, 0x00000000d6d00000, 0x0000000100000000)
  eden space 21504K, 0% used [0x00000000d5580000,0x00000000d5580000,0x00000000d6a80000)
  from space 512K, 25% used [0x00000000d6c80000,0x00000000d6ca0000,0x00000000d6d00000)
  to   space 1024K, 0% used [0x00000000d6b00000,0x00000000d6b00000,0x00000000d6c00000)
 ParOldGen       total 68608K, used 30636K [0x0000000080000000, 0x0000000084300000, 0x00000000d5580000)
  object space 68608K, 44% used [0x0000000080000000,0x0000000081deb398,0x0000000084300000)
 Metaspace       used 34906K, committed 35840K, reserved 1114112K
  class space    used 3525K, committed 3968K, reserved 1048576K
}
Event: 27.038 GC heap after
{Heap after GC invocations=20 (full 2):
 PSYoungGen      total 22016K, used 0K [0x00000000d5580000, 0x00000000d6d00000, 0x0000000100000000)
  eden space 21504K, 0% used [0x00000000d5580000,0x00000000d5580000,0x00000000d6a80000)
  from space 512K, 0% used [0x00000000d6c80000,0x00000000d6c80000,0x00000000d6d00000)
  to   space 1024K, 0% used [0x00000000d6b00000,0x00000000d6b00000,0x00000000d6c00000)
 ParOldGen       total 68608K, used 28926K [0x0000000080000000, 0x0000000084300000, 0x00000000d5580000)
  object space 68608K, 42% used [0x0000000080000000,0x0000000081c3f910,0x0000000084300000)
 Metaspace       used 34902K, committed 35840K, reserved 1114112K
  class space    used 3524K, committed 3968K, reserved 1048576K
}
Event: 27.317 GC heap before
{Heap before GC invocations=21 (full 2):
 PSYoungGen      total 22016K, used 21504K [0x00000000d5580000, 0x00000000d6d00000, 0x0000000100000000)
  eden space 21504K, 100% used [0x00000000d5580000,0x00000000d6a80000,0x00000000d6a80000)
  from space 512K, 0% used [0x00000000d6c80000,0x00000000d6c80000,0x00000000d6d00000)
  to   space 1024K, 0% used [0x00000000d6b00000,0x00000000d6b00000,0x00000000d6c00000)
 ParOldGen       total 68608K, used 28926K [0x0000000080000000, 0x0000000084300000, 0x00000000d5580000)
  object space 68608K, 42% used [0x0000000080000000,0x0000000081c3f910,0x0000000084300000)
 Metaspace       used 34966K, committed 35904K, reserved 1114112K
  class space    used 3526K, committed 3968K, reserved 1048576K
}
Event: 27.319 GC heap after
{Heap after GC invocations=21 (full 2):
 PSYoungGen      total 22528K, used 1009K [0x00000000d5580000, 0x00000000d6e80000, 0x0000000100000000)
  eden space 21504K, 0% used [0x00000000d5580000,0x00000000d5580000,0x00000000d6a80000)
  from space 1024K, 98% used [0x00000000d6b00000,0x00000000d6bfc6e8,0x00000000d6c00000)
  to   space 2048K, 0% used [0x00000000d6c80000,0x00000000d6c80000,0x00000000d6e80000)
 ParOldGen       total 68608K, used 29331K [0x0000000080000000, 0x0000000084300000, 0x00000000d5580000)
  object space 68608K, 42% used [0x0000000080000000,0x0000000081ca4f70,0x0000000084300000)
 Metaspace       used 34966K, committed 35904K, reserved 1114112K
  class space    used 3526K, committed 3968K, reserved 1048576K
}
Event: 27.846 GC heap before
{Heap before GC invocations=22 (full 2):
 PSYoungGen      total 22528K, used 22513K [0x00000000d5580000, 0x00000000d6e80000, 0x0000000100000000)
  eden space 21504K, 100% used [0x00000000d5580000,0x00000000d6a80000,0x00000000d6a80000)
  from space 1024K, 98% used [0x00000000d6b00000,0x00000000d6bfc6e8,0x00000000d6c00000)
  to   space 2048K, 0% used [0x00000000d6c80000,0x00000000d6c80000,0x00000000d6e80000)
 ParOldGen       total 68608K, used 29331K [0x0000000080000000, 0x0000000084300000, 0x00000000d5580000)
  object space 68608K, 42% used [0x0000000080000000,0x0000000081ca4f70,0x0000000084300000)
 Metaspace       used 36279K, committed 37248K, reserved 1114112K
  class space    used 3652K, committed 4096K, reserved 1048576K
}
Event: 27.849 GC heap after
{Heap after GC invocations=22 (full 2):
 PSYoungGen      total 22528K, used 512K [0x00000000d5580000, 0x00000000d6d80000, 0x0000000100000000)
  eden space 21504K, 0% used [0x00000000d5580000,0x00000000d5580000,0x00000000d6a80000)
  from space 1024K, 50% used [0x00000000d6c80000,0x00000000d6d00030,0x00000000d6d80000)
  to   space 1024K, 0% used [0x00000000d6b00000,0x00000000d6b00000,0x00000000d6c00000)
 ParOldGen       total 68608K, used 29983K [0x0000000080000000, 0x0000000084300000, 0x00000000d5580000)
  object space 68608K, 43% used [0x0000000080000000,0x0000000081d47e48,0x0000000084300000)
 Metaspace       used 36279K, committed 37248K, reserved 1114112K
  class space    used 3652K, committed 4096K, reserved 1048576K
}
Event: 29.548 GC heap before
{Heap before GC invocations=23 (full 2):
 PSYoungGen      total 22528K, used 21982K [0x00000000d5580000, 0x00000000d6d80000, 0x0000000100000000)
  eden space 21504K, 99% used [0x00000000d5580000,0x00000000d6a77888,0x00000000d6a80000)
  from space 1024K, 50% used [0x00000000d6c80000,0x00000000d6d00030,0x00000000d6d80000)
  to   space 1024K, 0% used [0x00000000d6b00000,0x00000000d6b00000,0x00000000d6c00000)
 ParOldGen       total 68608K, used 29983K [0x0000000080000000, 0x0000000084300000, 0x00000000d5580000)
  object space 68608K, 43% used [0x0000000080000000,0x0000000081d47e48,0x0000000084300000)
 Metaspace       used 37128K, committed 38080K, reserved 1114112K
  class space    used 3767K, committed 4224K, reserved 1048576K
}
Event: 29.549 GC heap after
{Heap after GC invocations=23 (full 2):
 PSYoungGen      total 22528K, used 416K [0x00000000d5580000, 0x00000000d6d00000, 0x0000000100000000)
  eden space 21504K, 0% used [0x00000000d5580000,0x00000000d5580000,0x00000000d6a80000)
  from space 1024K, 40% used [0x00000000d6b00000,0x00000000d6b68000,0x00000000d6c00000)
  to   space 512K, 0% used [0x00000000d6c80000,0x00000000d6c80000,0x00000000d6d00000)
 ParOldGen       total 68608K, used 30312K [0x0000000080000000, 0x0000000084300000, 0x00000000d5580000)
  object space 68608K, 44% used [0x0000000080000000,0x0000000081d9a220,0x0000000084300000)
 Metaspace       used 37128K, committed 38080K, reserved 1114112K
  class space    used 3767K, committed 4224K, reserved 1048576K
}
Event: 30.353 GC heap before
{Heap before GC invocations=24 (full 2):
 PSYoungGen      total 22528K, used 21897K [0x00000000d5580000, 0x00000000d6d00000, 0x0000000100000000)
  eden space 21504K, 99% used [0x00000000d5580000,0x00000000d6a7a538,0x00000000d6a80000)
  from space 1024K, 40% used [0x00000000d6b00000,0x00000000d6b68000,0x00000000d6c00000)
  to   space 512K, 0% used [0x00000000d6c80000,0x00000000d6c80000,0x00000000d6d00000)
 ParOldGen       total 68608K, used 30312K [0x0000000080000000, 0x0000000084300000, 0x00000000d5580000)
  object space 68608K, 44% used [0x0000000080000000,0x0000000081d9a220,0x0000000084300000)
 Metaspace       used 39107K, committed 40064K, reserved 1114112K
  class space    used 3962K, committed 4416K, reserved 1048576K
}
Event: 30.356 GC heap after
{Heap after GC invocations=24 (full 2):
 PSYoungGen      total 22016K, used 512K [0x00000000d5580000, 0x00000000d6e80000, 0x0000000100000000)
  eden space 21504K, 0% used [0x00000000d5580000,0x00000000d5580000,0x00000000d6a80000)
  from space 512K, 100% used [0x00000000d6c80000,0x00000000d6d00000,0x00000000d6d00000)
  to   space 2048K, 0% used [0x00000000d6a80000,0x00000000d6a80000,0x00000000d6c80000)
 ParOldGen       total 68608K, used 31434K [0x0000000080000000, 0x0000000084300000, 0x00000000d5580000)
  object space 68608K, 45% used [0x0000000080000000,0x0000000081eb2a18,0x0000000084300000)
 Metaspace       used 39107K, committed 40064K, reserved 1114112K
  class space    used 3962K, committed 4416K, reserved 1048576K
}
Event: 30.911 GC heap before
{Heap before GC invocations=25 (full 2):
 PSYoungGen      total 22016K, used 22016K [0x00000000d5580000, 0x00000000d6e80000, 0x0000000100000000)
  eden space 21504K, 100% used [0x00000000d5580000,0x00000000d6a80000,0x00000000d6a80000)
  from space 512K, 100% used [0x00000000d6c80000,0x00000000d6d00000,0x00000000d6d00000)
  to   space 2048K, 0% used [0x00000000d6a80000,0x00000000d6a80000,0x00000000d6c80000)
 ParOldGen       total 68608K, used 31434K [0x0000000080000000, 0x0000000084300000, 0x00000000d5580000)
  object space 68608K, 45% used [0x0000000080000000,0x0000000081eb2a18,0x0000000084300000)
 Metaspace       used 39470K, committed 40512K, reserved 1114112K
  class space    used 4004K, committed 4480K, reserved 1048576K
}
Event: 30.929 GC heap after
{Heap after GC invocations=25 (full 2):
 PSYoungGen      total 22016K, used 469K [0x00000000d5580000, 0x00000000d6d00000, 0x0000000100000000)
  eden space 21504K, 0% used [0x00000000d5580000,0x00000000d5580000,0x00000000d6a80000)
  from space 512K, 91% used [0x00000000d6a80000,0x00000000d6af5650,0x00000000d6b00000)
  to   space 1024K, 0% used [0x00000000d6c00000,0x00000000d6c00000,0x00000000d6d00000)
 ParOldGen       total 68608K, used 31978K [0x0000000080000000, 0x0000000084300000, 0x00000000d5580000)
  object space 68608K, 46% used [0x0000000080000000,0x0000000081f3aa38,0x0000000084300000)
 Metaspace       used 39470K, committed 40512K, reserved 1114112K
  class space    used 4004K, committed 4480K, reserved 1048576K
}
Event: 32.520 GC heap before
{Heap before GC invocations=26 (full 2):
 PSYoungGen      total 22016K, used 21973K [0x00000000d5580000, 0x00000000d6d00000, 0x0000000100000000)
  eden space 21504K, 100% used [0x00000000d5580000,0x00000000d6a80000,0x00000000d6a80000)
  from space 512K, 91% used [0x00000000d6a80000,0x00000000d6af5650,0x00000000d6b00000)
  to   space 1024K, 0% used [0x00000000d6c00000,0x00000000d6c00000,0x00000000d6d00000)
 ParOldGen       total 68608K, used 31978K [0x0000000080000000, 0x0000000084300000, 0x00000000d5580000)
  object space 68608K, 46% used [0x0000000080000000,0x0000000081f3aa38,0x0000000084300000)
 Metaspace       used 40956K, committed 41920K, reserved 1114112K
  class space    used 4140K, committed 4544K, reserved 1048576K
}
Event: 32.524 GC heap after
{Heap after GC invocations=26 (full 2):
 PSYoungGen      total 22016K, used 1002K [0x00000000d5580000, 0x00000000d6e80000, 0x0000000100000000)
  eden space 20992K, 0% used [0x00000000d5580000,0x00000000d5580000,0x00000000d6a00000)
  from space 1024K, 97% used [0x00000000d6c00000,0x00000000d6cfab50,0x00000000d6d00000)
  to   space 2048K, 0% used [0x00000000d6a00000,0x00000000d6a00000,0x00000000d6c00000)
 ParOldGen       total 68608K, used 32564K [0x0000000080000000, 0x0000000084300000, 0x00000000d5580000)
  object space 68608K, 47% used [0x0000000080000000,0x0000000081fcd368,0x0000000084300000)
 Metaspace       used 40956K, committed 41920K, reserved 1114112K
  class space    used 4140K, committed 4544K, reserved 1048576K
}

Dll operation events (10 events):
Event: 0.030 Loaded shared library c:\Users\JEREMIE\.vscode\extensions\redhat.java-1.52.0-win32-x64\jre\21.0.9-win32-x86_64\bin\java.dll
Event: 0.166 Loaded shared library c:\Users\JEREMIE\.vscode\extensions\redhat.java-1.52.0-win32-x64\jre\21.0.9-win32-x86_64\bin\zip.dll
Event: 0.209 Loaded shared library C:\Users\JEREMIE\.vscode\extensions\redhat.java-1.52.0-win32-x64\jre\21.0.9-win32-x86_64\bin\instrument.dll
Event: 0.218 Loaded shared library C:\Users\JEREMIE\.vscode\extensions\redhat.java-1.52.0-win32-x64\jre\21.0.9-win32-x86_64\bin\net.dll
Event: 0.222 Loaded shared library C:\Users\JEREMIE\.vscode\extensions\redhat.java-1.52.0-win32-x64\jre\21.0.9-win32-x86_64\bin\nio.dll
Event: 0.228 Loaded shared library C:\Users\JEREMIE\.vscode\extensions\redhat.java-1.52.0-win32-x64\jre\21.0.9-win32-x86_64\bin\zip.dll
Event: 0.276 Loaded shared library C:\Users\JEREMIE\.vscode\extensions\redhat.java-1.52.0-win32-x64\jre\21.0.9-win32-x86_64\bin\jimage.dll
Event: 0.473 Loaded shared library c:\Users\JEREMIE\.vscode\extensions\redhat.java-1.52.0-win32-x64\jre\21.0.9-win32-x86_64\bin\verify.dll
Event: 2.773 Loaded shared library C:\Users\JEREMIE\AppData\Roaming\Code\User\globalStorage\redhat.java\1.52.0\config_ss_win\org.eclipse.equinox.launcher\org.eclipse.equinox.launcher.win32.win32.x86_64_1.2.1500.v20260121-1430\eclipse_11919.dll
Event: 5.050 Loaded shared library C:\Users\JEREMIE\AppData\Local\Temp\jna--990932293\jna10456988669697940224.dll

Deoptimization events (20 events):
Event: 33.248 Thread 0x00000249f8236da0 DEOPT PACKING pc=0x00000249dec93dda sp=0x0000004b9e9fd0b0
Event: 33.248 Thread 0x00000249f8236da0 DEOPT UNPACKING pc=0x00000249e5774242 sp=0x0000004b9e9fc528 mode 0
Event: 33.252 Thread 0x00000249f8236da0 DEOPT PACKING pc=0x00000249dec93dda sp=0x0000004b9e9fd420
Event: 33.252 Thread 0x00000249f8236da0 DEOPT UNPACKING pc=0x00000249e5774242 sp=0x0000004b9e9fc898 mode 0
Event: 33.283 Thread 0x00000249f8236da0 Uncommon trap: trap_request=0xffffff45 fr.pc=0x00000249e5f2cf3c relative=0x000000000000009c
Event: 33.283 Thread 0x00000249f8236da0 Uncommon trap: reason=unstable_if action=reinterpret pc=0x00000249e5f2cf3c method=java.util.Hashtable$Enumerator.nextElement()Ljava/lang/Object; @ 87 c2
Event: 33.283 Thread 0x00000249f8236da0 DEOPT PACKING pc=0x00000249e5f2cf3c sp=0x0000004b9e9feac0
Event: 33.283 Thread 0x00000249f8236da0 DEOPT UNPACKING pc=0x00000249e5773aa2 sp=0x0000004b9e9fea40 mode 2
Event: 33.356 Thread 0x00000249f8236da0 Uncommon trap: trap_request=0xffffffde fr.pc=0x00000249e5f454f4 relative=0x00000000000007b4
Event: 33.356 Thread 0x00000249f8236da0 Uncommon trap: reason=class_check action=maybe_recompile pc=0x00000249e5f454f4 method=org.eclipse.jdt.internal.compiler.parser.Scanner.addTokenToLookBack(Lorg/eclipse/jdt/internal/compiler/parser/TerminalToken;)V @ 104 c2
Event: 33.356 Thread 0x00000249f8236da0 DEOPT PACKING pc=0x00000249e5f454f4 sp=0x0000004b9e9fe710
Event: 33.356 Thread 0x00000249f8236da0 DEOPT UNPACKING pc=0x00000249e5773aa2 sp=0x0000004b9e9fe640 mode 2
Event: 33.357 Thread 0x00000249f8236da0 Uncommon trap: trap_request=0xffffffde fr.pc=0x00000249e5f454f4 relative=0x00000000000007b4
Event: 33.357 Thread 0x00000249f8236da0 Uncommon trap: reason=class_check action=maybe_recompile pc=0x00000249e5f454f4 method=org.eclipse.jdt.internal.compiler.parser.Scanner.addTokenToLookBack(Lorg/eclipse/jdt/internal/compiler/parser/TerminalToken;)V @ 104 c2
Event: 33.357 Thread 0x00000249f8236da0 DEOPT PACKING pc=0x00000249e5f454f4 sp=0x0000004b9e9fe710
Event: 33.357 Thread 0x00000249f8236da0 DEOPT UNPACKING pc=0x00000249e5773aa2 sp=0x0000004b9e9fe640 mode 2
Event: 33.358 Thread 0x00000249f8236da0 Uncommon trap: trap_request=0xffffffde fr.pc=0x00000249e5f454f4 relative=0x00000000000007b4
Event: 33.358 Thread 0x00000249f8236da0 Uncommon trap: reason=class_check action=maybe_recompile pc=0x00000249e5f454f4 method=org.eclipse.jdt.internal.compiler.parser.Scanner.addTokenToLookBack(Lorg/eclipse/jdt/internal/compiler/parser/TerminalToken;)V @ 104 c2
Event: 33.358 Thread 0x00000249f8236da0 DEOPT PACKING pc=0x00000249e5f454f4 sp=0x0000004b9e9fe710
Event: 33.358 Thread 0x00000249f8236da0 DEOPT UNPACKING pc=0x00000249e5773aa2 sp=0x0000004b9e9fe640 mode 2

Classes loaded (20 events):
Event: 30.527 Loading class java/lang/StackStreamFactory$FrameBuffer done
Event: 30.527 Loading class java/lang/StackStreamFactory$StackFrameTraverser$StackFrameBuffer done
Event: 30.531 Loading class java/util/logging/Level$RbAccess
Event: 30.531 Loading class java/util/logging/Level$RbAccess done
Event: 30.532 Loading class sun/util/logging/resources/logging
Event: 30.532 Loading class sun/util/logging/resources/logging done
Event: 30.532 Loading class sun/util/logging/resources/logging_fr
Event: 30.533 Loading class sun/util/logging/resources/logging_fr done
Event: 30.533 Loading class sun/util/logging/resources/logging_fr_CM
Event: 30.533 Loading class sun/util/logging/resources/logging_fr_CM done
Event: 30.533 Loading class sun/util/logging/resources/logging_fr_CM
Event: 30.533 Loading class sun/util/logging/resources/logging_fr_CM done
Event: 30.533 Loading class java/util/Formatter$DateTime
Event: 30.533 Loading class java/util/Formatter$DateTime done
Event: 30.534 Loading class java/time/ZonedDateTime$1
Event: 30.534 Loading class java/time/ZonedDateTime$1 done
Event: 31.835 Loading class java/util/stream/ReduceOps$4
Event: 31.835 Loading class java/util/stream/ReduceOps$4 done
Event: 31.835 Loading class java/util/stream/ReduceOps$4ReducingSink
Event: 31.836 Loading class java/util/stream/ReduceOps$4ReducingSink done

Classes unloaded (9 events):
Event: 6.087 Thread 0x00000249db094c30 Unloading class 0x0000024981190c00 'java/lang/invoke/LambdaForm$MH+0x0000024981190c00'
Event: 6.087 Thread 0x00000249db094c30 Unloading class 0x0000024981190800 'java/lang/invoke/LambdaForm$MH+0x0000024981190800'
Event: 6.087 Thread 0x00000249db094c30 Unloading class 0x0000024981190400 'java/lang/invoke/LambdaForm$MH+0x0000024981190400'
Event: 6.087 Thread 0x00000249db094c30 Unloading class 0x0000024981190000 'java/lang/invoke/LambdaForm$MH+0x0000024981190000'
Event: 6.087 Thread 0x00000249db094c30 Unloading class 0x000002498118fc00 'java/lang/invoke/LambdaForm$BMH+0x000002498118fc00'
Event: 6.087 Thread 0x00000249db094c30 Unloading class 0x000002498118f800 'java/lang/invoke/LambdaForm$DMH+0x000002498118f800'
Event: 6.087 Thread 0x00000249db094c30 Unloading class 0x000002498118e400 'java/lang/invoke/LambdaForm$DMH+0x000002498118e400'
Event: 26.964 Thread 0x00000249db094c30 Unloading class 0x00000249813d8000 'java/lang/invoke/LambdaForm$MH+0x00000249813d8000'
Event: 26.964 Thread 0x00000249db094c30 Unloading class 0x00000249813d5000 'java/lang/invoke/LambdaForm$MH+0x00000249813d5000'

Classes redefined (0 events):
No events

Internal exceptions (20 events):
Event: 30.052 Thread 0x00000249f978d060 Exception <a 'java/lang/LinkageError'{0x00000000d6293ca0}: loader lombok.launch.ShadowClassLoader @44755020 attempted duplicate class definition for lombok.launch.PatchFixesHider$FieldInitializer. (lombok.launch.PatchFixesHider$FieldInitializer is in unnamed module of loader lombok.launch.ShadowClassLoader @44755020, parent loader org.eclipse.osgi.internal.loader.EquinoxClassLoader @14cf2999)> (0x00000000d6293ca0) 
thrown [s\src\hotspot\share\classfile\systemDictionary.cpp, line 1682]
Event: 30.052 Thread 0x00000249f9792c40 Exception <a 'java/lang/LinkageError'{0x00000000d626a168}: loader lombok.launch.ShadowClassLoader @44755020 attempted duplicate class definition for lombok.launch.PatchFixesHider$FieldInitializer. (lombok.launch.PatchFixesHider$FieldInitializer is in unnamed module of loader lombok.launch.ShadowClassLoader @44755020, parent loader org.eclipse.osgi.internal.loader.EquinoxClassLoader @14cf2999)> (0x00000000d626a168) 
thrown [s\src\hotspot\share\classfile\systemDictionary.cpp, line 1682]
Event: 30.053 Thread 0x00000249f9791890 Exception <a 'java/lang/LinkageError'{0x00000000d6077278}: loader lombok.launch.ShadowClassLoader @44755020 attempted duplicate class definition for lombok.launch.PatchFixesHider$FieldInitializer. (lombok.launch.PatchFixesHider$FieldInitializer is in unnamed module of loader lombok.launch.ShadowClassLoader @44755020, parent loader org.eclipse.osgi.internal.loader.EquinoxClassLoader @14cf2999)> (0x00000000d6077278) 
thrown [s\src\hotspot\share\classfile\systemDictionary.cpp, line 1682]
Event: 30.053 Thread 0x00000249f97904e0 Exception <a 'java/lang/LinkageError'{0x00000000d6123470}: loader lombok.launch.ShadowClassLoader @44755020 attempted duplicate class definition for lombok.launch.PatchFixesHider$FieldInitializer. (lombok.launch.PatchFixesHider$FieldInitializer is in unnamed module of loader lombok.launch.ShadowClassLoader @44755020, parent loader org.eclipse.osgi.internal.loader.EquinoxClassLoader @14cf2999)> (0x00000000d6123470) 
thrown [s\src\hotspot\share\classfile\systemDictionary.cpp, line 1682]
Event: 30.128 Thread 0x00000249f978d060 Exception <a 'java/lang/NoSuchMethodError'{0x00000000d65150e0}: 'java.lang.Object java.lang.invoke.DirectMethodHandle$Holder.invokeSpecial(java.lang.Object, java.lang.Object, java.lang.Object, java.lang.Object, int, java.lang.Object, java.lang.Object)'> (0x00000000d65150e0) 
thrown [s\src\hotspot\share\interpreter\linkResolver.cpp, line 773]
Event: 30.128 Thread 0x00000249f978d6f0 Exception <a 'java/lang/NoSuchMethodError'{0x00000000d6521b88}: 'java.lang.Object java.lang.invoke.DirectMethodHandle$Holder.invokeSpecial(java.lang.Object, java.lang.Object, java.lang.Object, java.lang.Object, int, java.lang.Object, java.lang.Object)'> (0x00000000d6521b88) 
thrown [s\src\hotspot\share\interpreter\linkResolver.cpp, line 773]
Event: 30.129 Thread 0x00000249f9792c40 Exception <a 'java/lang/NoSuchMethodError'{0x00000000d6488750}: 'java.lang.Object java.lang.invoke.DirectMethodHandle$Holder.invokeSpecial(java.lang.Object, java.lang.Object, java.lang.Object, java.lang.Object, int, java.lang.Object, java.lang.Object)'> (0x00000000d6488750) 
thrown [s\src\hotspot\share\interpreter\linkResolver.cpp, line 773]
Event: 30.129 Thread 0x00000249f97904e0 Exception <a 'java/lang/NoSuchMethodError'{0x00000000d639a620}: 'java.lang.Object java.lang.invoke.DirectMethodHandle$Holder.invokeSpecial(java.lang.Object, java.lang.Object, java.lang.Object, java.lang.Object, int, java.lang.Object, java.lang.Object)'> (0x00000000d639a620) 
thrown [s\src\hotspot\share\interpreter\linkResolver.cpp, line 773]
Event: 30.532 Thread 0x00000249f9791890 Exception <a 'java/lang/ClassNotFoundException'{0x00000000d695c308}: sun/util/logging/resources/spi/loggingProvider> (0x00000000d695c308) 
thrown [s\src\hotspot\share\classfile\systemDictionary.cpp, line 312]
Event: 30.567 Thread 0x00000249f9791890 Exception <a 'java/lang/IncompatibleClassChangeError'{0x00000000d69ad7a8}: Found class java.lang.Object, but interface was expected> (0x00000000d69ad7a8) 
thrown [s\src\hotspot\share\interpreter\linkResolver.cpp, line 840]
Event: 30.901 Thread 0x00000249f825ad90 Exception <a 'java/lang/NoSuchMethodError'{0x00000000d6a061e0}: 'java.lang.Object java.lang.invoke.DirectMethodHandle$Holder.invokeSpecial(java.lang.Object, java.lang.Object, int, long)'> (0x00000000d6a061e0) 
thrown [s\src\hotspot\share\interpreter\linkResolver.cpp, line 773]
Event: 31.848 Thread 0x00000249f8236da0 Exception <a 'java/lang/NoSuchMethodError'{0x00000000d63c6698}: 'int java.lang.invoke.DirectMethodHandle$Holder.invokeSpecialIFC(java.lang.Object, java.lang.Object, java.lang.Object)'> (0x00000000d63c6698) 
thrown [s\src\hotspot\share\interpreter\linkResolver.cpp, line 773]
Event: 32.250 Thread 0x00000249f8236da0 Exception <a 'java/io/FileNotFoundException'{0x00000000d66efa68}> (0x00000000d66efa68) 
thrown [s\src\hotspot\share\prims\jni.cpp, line 520]
Event: 32.250 Thread 0x00000249f8236da0 Exception <a 'java/io/FileNotFoundException'{0x00000000d66f1368}> (0x00000000d66f1368) 
thrown [s\src\hotspot\share\prims\jni.cpp, line 520]
Event: 32.790 Thread 0x00000249f8236da0 Exception <a 'java/lang/NoSuchMethodError'{0x00000000d5ad8d10}: 'void java.lang.invoke.DirectMethodHandle$Holder.invokeVirtual(java.lang.Object, java.lang.Object, java.lang.Object, java.lang.Object, java.lang.Object)'> (0x00000000d5ad8d10) 
thrown [s\src\hotspot\share\interpreter\linkResolver.cpp, line 773]
Event: 32.924 Thread 0x00000249f8236da0 Exception <a 'java/lang/NoSuchMethodError'{0x00000000d5de9220}: 'java.lang.Object java.lang.invoke.DirectMethodHandle$Holder.invokeStatic(java.lang.Object, java.lang.Object, int, java.lang.Object)'> (0x00000000d5de9220) 
thrown [s\src\hotspot\share\interpreter\linkResolver.cpp, line 773]
Event: 32.927 Thread 0x00000249f8236da0 Exception <a 'java/lang/NoSuchMethodError'{0x00000000d5deff20}: 'java.lang.Object java.lang.invoke.DirectMethodHandle$Holder.newInvokeSpecial(java.lang.Object, java.lang.Object, int)'> (0x00000000d5deff20) 
thrown [s\src\hotspot\share\interpreter\linkResolver.cpp, line 773]
Event: 33.005 Thread 0x00000249f8236da0 Exception <a 'java/io/FileNotFoundException'{0x00000000d5f238b8}> (0x00000000d5f238b8) 
thrown [s\src\hotspot\share\prims\jni.cpp, line 520]
Event: 33.006 Thread 0x00000249f8236da0 Exception <a 'java/io/FileNotFoundException'{0x00000000d5f248d0}> (0x00000000d5f248d0) 
thrown [s\src\hotspot\share\prims\jni.cpp, line 520]
Event: 33.006 Thread 0x00000249f8236da0 Exception <a 'java/io/FileNotFoundException'{0x00000000d5f25a58}> (0x00000000d5f25a58) 
thrown [s\src\hotspot\share\prims\jni.cpp, line 520]

ZGC Phase Switch (0 events):
No events

VM Operations (20 events):
Event: 29.548 Executing VM operation: ParallelGCFailedAllocation (Allocation Failure)
Event: 29.549 Executing VM operation: ParallelGCFailedAllocation (Allocation Failure) done
Event: 29.891 Executing VM operation: HandshakeAllThreads (Deoptimize)
Event: 29.904 Executing VM operation: HandshakeAllThreads (Deoptimize) done
Event: 30.353 Executing VM operation: ParallelGCFailedAllocation (Allocation Failure)
Event: 30.357 Executing VM operation: ParallelGCFailedAllocation (Allocation Failure) done
Event: 30.911 Executing VM operation: ParallelGCFailedAllocation (Allocation Failure)
Event: 30.929 Executing VM operation: ParallelGCFailedAllocation (Allocation Failure) done
Event: 31.670 Executing VM operation: HandshakeAllThreads (Deoptimize)
Event: 31.671 Executing VM operation: HandshakeAllThreads (Deoptimize) done
Event: 31.963 Executing VM operation: HandshakeAllThreads (Deoptimize)
Event: 31.963 Executing VM operation: HandshakeAllThreads (Deoptimize) done
Event: 31.963 Executing VM operation: Cleanup
Event: 31.963 Executing VM operation: Cleanup done
Event: 32.520 Executing VM operation: ParallelGCFailedAllocation (Allocation Failure)
Event: 32.524 Executing VM operation: ParallelGCFailedAllocation (Allocation Failure) done
Event: 32.539 Executing VM operation: HandshakeAllThreads (Deoptimize)
Event: 32.539 Executing VM operation: HandshakeAllThreads (Deoptimize) done
Event: 33.148 Executing VM operation: ICBufferFull
Event: 33.148 Executing VM operation: ICBufferFull done

Memory protections (0 events):
No events

Nmethod flushes (20 events):
Event: 26.977 Thread 0x00000249db094c30 flushing  nmethod 0x00000249de5c6990
Event: 26.977 Thread 0x00000249db094c30 flushing  nmethod 0x00000249de629090
Event: 26.977 Thread 0x00000249db094c30 flushing  nmethod 0x00000249de645310
Event: 26.977 Thread 0x00000249db094c30 flushing  nmethod 0x00000249de645d10
Event: 26.977 Thread 0x00000249db094c30 flushing  nmethod 0x00000249de64b110
Event: 26.977 Thread 0x00000249db094c30 flushing  nmethod 0x00000249de667210
Event: 26.977 Thread 0x00000249db094c30 flushing  nmethod 0x00000249de684410
Event: 26.977 Thread 0x00000249db094c30 flushing  nmethod 0x00000249de68f890
Event: 26.977 Thread 0x00000249db094c30 flushing  nmethod 0x00000249de6a2d10
Event: 26.977 Thread 0x00000249db094c30 flushing  nmethod 0x00000249de6a6710
Event: 26.977 Thread 0x00000249db094c30 flushing  nmethod 0x00000249de6a7c90
Event: 26.977 Thread 0x00000249db094c30 flushing  nmethod 0x00000249de6d9010
Event: 26.977 Thread 0x00000249db094c30 flushing  nmethod 0x00000249de6d9890
Event: 26.977 Thread 0x00000249db094c30 flushing  nmethod 0x00000249de6d9c90
Event: 26.977 Thread 0x00000249db094c30 flushing  nmethod 0x00000249de6e1d10
Event: 26.977 Thread 0x00000249db094c30 flushing  nmethod 0x00000249de6e3010
Event: 26.977 Thread 0x00000249db094c30 flushing  nmethod 0x00000249de6e3e10
Event: 26.977 Thread 0x00000249db094c30 flushing  nmethod 0x00000249de6e9c90
Event: 26.977 Thread 0x00000249db094c30 flushing  nmethod 0x00000249de6f1090
Event: 26.977 Thread 0x00000249db094c30 flushing  nmethod 0x00000249de6f2910

Events (20 events):
Event: 6.991 Thread 0x00000249f8f8a610 Thread exited: 0x00000249f8f8a610
Event: 7.337 Thread 0x00000249f3a874c0 Thread exited: 0x00000249f3a874c0
Event: 7.718 Thread 0x00000249d8b717f0 Thread added: 0x00000249f8f8b330
Event: 7.720 Thread 0x00000249d8b717f0 Thread added: 0x00000249f8f8c6e0
Event: 7.721 Thread 0x00000249d8b717f0 Thread added: 0x00000249f8f89f80
Event: 7.722 Thread 0x00000249d8b717f0 Thread added: 0x00000249f8f8c050
Event: 7.726 Thread 0x00000249d8b717f0 Thread added: 0x00000249f8f8a610
Event: 7.726 Thread 0x00000249d8b717f0 Thread added: 0x00000249f8f89260
Event: 7.727 Thread 0x00000249d8b717f0 Thread added: 0x00000249f8f8b9c0
Event: 7.727 Thread 0x00000249d8b717f0 Thread added: 0x00000249f8f898f0
Event: 7.727 Thread 0x00000249d8b717f0 Thread added: 0x00000249f8f8aca0
Event: 7.774 Thread 0x00000249d8b717f0 Thread added: 0x00000249f978e410
Event: 7.941 Thread 0x00000249f8236da0 Thread added: 0x00000249f97925b0
Event: 7.971 Thread 0x00000249f97925b0 Thread added: 0x00000249f9791f20
Event: 8.090 Thread 0x00000249d8b717f0 Thread added: 0x00000249f978eaa0
Event: 8.090 Thread 0x00000249d8b717f0 Thread added: 0x00000249f9791890
Event: 24.665 Thread 0x00000249f9791890 Thread added: 0x00000249f97904e0
Event: 26.088 Thread 0x00000249f9791890 Thread added: 0x00000249f978d6f0
Event: 26.855 Thread 0x00000249f9791890 Thread added: 0x00000249f978d060
Event: 27.065 Thread 0x00000249f9791890 Thread added: 0x00000249f9792c40


Dynamic libraries:
0x00007ff664920000 - 0x00007ff66492e000 	c:\Users\JEREMIE\.vscode\extensions\redhat.java-1.52.0-win32-x64\jre\21.0.9-win32-x86_64\bin\java.exe
0x00007ffc385d0000 - 0x00007ffc387e8000 	C:\WINDOWS\SYSTEM32\ntdll.dll
0x00007ffc36ac0000 - 0x00007ffc36b84000 	C:\WINDOWS\System32\KERNEL32.DLL
0x00007ffc356e0000 - 0x00007ffc35ab3000 	C:\WINDOWS\System32\KERNELBASE.dll
0x00007ffc35f90000 - 0x00007ffc360a1000 	C:\WINDOWS\System32\ucrtbase.dll
0x00007ffbe4f70000 - 0x00007ffbe4f88000 	c:\Users\JEREMIE\.vscode\extensions\redhat.java-1.52.0-win32-x64\jre\21.0.9-win32-x86_64\bin\jli.dll
0x00007ffc37020000 - 0x00007ffc371d2000 	C:\WINDOWS\System32\USER32.dll
0x00007ffc35df0000 - 0x00007ffc35e16000 	C:\WINDOWS\System32\win32u.dll
0x00007ffc36b90000 - 0x00007ffc36bb9000 	C:\WINDOWS\System32\GDI32.dll
0x00007ffc35ac0000 - 0x00007ffc35bdb000 	C:\WINDOWS\System32\gdi32full.dll
0x00007ffc35d50000 - 0x00007ffc35dea000 	C:\WINDOWS\System32\msvcp_win.dll
0x00007ffbb8640000 - 0x00007ffbb865e000 	c:\Users\JEREMIE\.vscode\extensions\redhat.java-1.52.0-win32-x64\jre\21.0.9-win32-x86_64\bin\VCRUNTIME140.dll
0x00007ffc1c660000 - 0x00007ffc1c8fc000 	C:\WINDOWS\WinSxS\amd64_microsoft.windows.common-controls_6595b64144ccf1df_6.0.22621.6060_none_2712eda17382d24b\COMCTL32.dll
0x00007ffc36a00000 - 0x00007ffc36aa7000 	C:\WINDOWS\System32\msvcrt.dll
0x00007ffc38100000 - 0x00007ffc38131000 	C:\WINDOWS\System32\IMM32.DLL
0x00000000704f0000 - 0x00000000704fd000 	C:\Program Files (x86)\360\Total Security\safemon\SafeWrapper.dll
0x00007ffc36d90000 - 0x00007ffc36e41000 	C:\WINDOWS\System32\ADVAPI32.dll
0x00007ffc371e0000 - 0x00007ffc37288000 	C:\WINDOWS\System32\sechost.dll
0x00007ffc35be0000 - 0x00007ffc35c08000 	C:\WINDOWS\System32\bcrypt.dll
0x00007ffc36bc0000 - 0x00007ffc36cd8000 	C:\WINDOWS\System32\RPCRT4.dll
0x00007ffc2d690000 - 0x00007ffc2d795000 	C:\Program Files (x86)\360\Total Security\safemon\libzdtp64.dll
0x00007ffc376a0000 - 0x00007ffc37f3c000 	C:\WINDOWS\System32\SHELL32.dll
0x00007ffc360b0000 - 0x00007ffc361ef000 	C:\WINDOWS\System32\wintypes.dll
0x00007ffc37290000 - 0x00007ffc37621000 	C:\WINDOWS\System32\combase.dll
0x00007ffc37630000 - 0x00007ffc37699000 	C:\WINDOWS\System32\SHLWAPI.dll
0x00007ffc350b0000 - 0x00007ffc350ba000 	C:\WINDOWS\SYSTEM32\VERSION.dll
0x00007ffc185c0000 - 0x00007ffc185cc000 	c:\Users\JEREMIE\.vscode\extensions\redhat.java-1.52.0-win32-x64\jre\21.0.9-win32-x86_64\bin\vcruntime140_1.dll
0x00007ffbb2010000 - 0x00007ffbb209d000 	c:\Users\JEREMIE\.vscode\extensions\redhat.java-1.52.0-win32-x64\jre\21.0.9-win32-x86_64\bin\msvcp140.dll
0x00007ffb7d410000 - 0x00007ffb7e1b0000 	c:\Users\JEREMIE\.vscode\extensions\redhat.java-1.52.0-win32-x64\jre\21.0.9-win32-x86_64\bin\server\jvm.dll
0x00007ffc38510000 - 0x00007ffc38581000 	C:\WINDOWS\System32\WS2_32.dll
0x00007ffc355b0000 - 0x00007ffc355fd000 	C:\WINDOWS\SYSTEM32\POWRPROF.dll
0x00007ffc2e3e0000 - 0x00007ffc2e414000 	C:\WINDOWS\SYSTEM32\WINMM.dll
0x00007ffc35590000 - 0x00007ffc355a3000 	C:\WINDOWS\SYSTEM32\UMPDC.dll
0x00007ffc34650000 - 0x00007ffc34668000 	C:\WINDOWS\SYSTEM32\kernel.appcore.dll
0x00007ffc0f1b0000 - 0x00007ffc0f1ba000 	c:\Users\JEREMIE\.vscode\extensions\redhat.java-1.52.0-win32-x64\jre\21.0.9-win32-x86_64\bin\jimage.dll
0x00007ffc32f40000 - 0x00007ffc33173000 	C:\WINDOWS\SYSTEM32\DBGHELP.DLL
0x00007ffc36920000 - 0x00007ffc369f8000 	C:\WINDOWS\System32\OLEAUT32.dll
0x00007ffc102f0000 - 0x00007ffc10322000 	C:\WINDOWS\SYSTEM32\dbgcore.DLL
0x00007ffc35cd0000 - 0x00007ffc35d4b000 	C:\WINDOWS\System32\bcryptPrimitives.dll
0x00007ffc2b470000 - 0x00007ffc2b47f000 	c:\Users\JEREMIE\.vscode\extensions\redhat.java-1.52.0-win32-x64\jre\21.0.9-win32-x86_64\bin\instrument.dll
0x00007ffbb8310000 - 0x00007ffbb8330000 	c:\Users\JEREMIE\.vscode\extensions\redhat.java-1.52.0-win32-x64\jre\21.0.9-win32-x86_64\bin\java.dll
0x00007ffc33570000 - 0x00007ffc33e8a000 	C:\WINDOWS\SYSTEM32\windows.storage.dll
0x00007ffc36270000 - 0x00007ffc36374000 	C:\WINDOWS\System32\SHCORE.dll
0x00007ffc35610000 - 0x00007ffc35635000 	C:\WINDOWS\SYSTEM32\profapi.dll
0x00007ffbb82f0000 - 0x00007ffbb8308000 	c:\Users\JEREMIE\.vscode\extensions\redhat.java-1.52.0-win32-x64\jre\21.0.9-win32-x86_64\bin\zip.dll
0x00007ffc0be90000 - 0x00007ffc0bea0000 	C:\Users\JEREMIE\.vscode\extensions\redhat.java-1.52.0-win32-x64\jre\21.0.9-win32-x86_64\bin\net.dll
0x00007ffc30cd0000 - 0x00007ffc30dfc000 	C:\WINDOWS\SYSTEM32\WINHTTP.dll
0x00007ffc34b30000 - 0x00007ffc34b99000 	C:\WINDOWS\system32\mswsock.dll
0x00007ffbb82d0000 - 0x00007ffbb82e6000 	C:\Users\JEREMIE\.vscode\extensions\redhat.java-1.52.0-win32-x64\jre\21.0.9-win32-x86_64\bin\nio.dll
0x00007ffc1fce0000 - 0x00007ffc1fcf0000 	c:\Users\JEREMIE\.vscode\extensions\redhat.java-1.52.0-win32-x64\jre\21.0.9-win32-x86_64\bin\verify.dll
0x00007ffbf2000000 - 0x00007ffbf2045000 	C:\Users\JEREMIE\AppData\Roaming\Code\User\globalStorage\redhat.java\1.52.0\config_ss_win\org.eclipse.equinox.launcher\org.eclipse.equinox.launcher.win32.win32.x86_64_1.2.1500.v20260121-1430\eclipse_11919.dll
0x00007ffc38190000 - 0x00007ffc38331000 	C:\WINDOWS\System32\ole32.dll
0x00007ffc34d80000 - 0x00007ffc34d9b000 	C:\WINDOWS\SYSTEM32\CRYPTSP.dll
0x00007ffc345b0000 - 0x00007ffc345e7000 	C:\WINDOWS\system32\rsaenh.dll
0x00007ffc34c20000 - 0x00007ffc34c48000 	C:\WINDOWS\SYSTEM32\USERENV.dll
0x00007ffc34da0000 - 0x00007ffc34dac000 	C:\WINDOWS\SYSTEM32\CRYPTBASE.dll
0x00007ffc340f0000 - 0x00007ffc3411d000 	C:\WINDOWS\SYSTEM32\IPHLPAPI.DLL
0x00007ffc36fb0000 - 0x00007ffc36fb9000 	C:\WINDOWS\System32\NSI.dll
0x00007ffbf15c0000 - 0x00007ffbf1609000 	C:\Users\JEREMIE\AppData\Local\Temp\jna--990932293\jna10456988669697940224.dll
0x00007ffc38500000 - 0x00007ffc38508000 	C:\WINDOWS\System32\PSAPI.DLL
0x00007ffc307b0000 - 0x00007ffc307c9000 	C:\WINDOWS\SYSTEM32\dhcpcsvc6.DLL
0x00007ffc30790000 - 0x00007ffc307af000 	C:\WINDOWS\SYSTEM32\dhcpcsvc.DLL

JVMTI agents:
c:\Users\JEREMIE\.vscode\extensions\redhat.java-1.52.0-win32-x64\lombok\lombok-1.18.39-4050.jar path:c:\Users\JEREMIE\.vscode\extensions\redhat.java-1.52.0-win32-x64\jre\21.0.9-win32-x86_64\bin\instrument.dll, loaded, initialized, instrumentlib options:none

dbghelp: loaded successfully - version: 4.0.5 - missing functions: none
symbol engine: initialized successfully - sym options: 0x614 - pdb path: .;c:\Users\JEREMIE\.vscode\extensions\redhat.java-1.52.0-win32-x64\jre\21.0.9-win32-x86_64\bin;C:\WINDOWS\SYSTEM32;C:\WINDOWS\WinSxS\amd64_microsoft.windows.common-controls_6595b64144ccf1df_6.0.22621.6060_none_2712eda17382d24b;C:\Program Files (x86)\360\Total Security\safemon;c:\Users\JEREMIE\.vscode\extensions\redhat.java-1.52.0-win32-x64\jre\21.0.9-win32-x86_64\bin\server;C:\Users\JEREMIE\AppData\Roaming\Code\User\globalStorage\redhat.java\1.52.0\config_ss_win\org.eclipse.equinox.launcher\org.eclipse.equinox.launcher.win32.win32.x86_64_1.2.1500.v20260121-1430;C:\Users\JEREMIE\AppData\Local\Temp\jna--990932293

VM Arguments:
jvm_args: --add-modules=ALL-SYSTEM --add-opens=java.base/java.util=ALL-UNNAMED --add-opens=java.base/java.lang=ALL-UNNAMED --add-opens=java.base/sun.nio.fs=ALL-UNNAMED -Declipse.application=org.eclipse.jdt.ls.core.id1 -Dosgi.bundles.defaultStartLevel=4 -Declipse.product=org.eclipse.jdt.ls.core.product -Djava.import.generatesMetadataFilesAtProjectRoot=false -DDetectVMInstallationsJob.disabled=true -Dfile.encoding=utf8 -XX:+UseParallelGC -XX:GCTimeRatio=4 -XX:AdaptiveSizePolicyWeight=90 -Dsun.zip.disableMemoryMapping=true -Xmx2G -Xms100m -Xlog:disable -javaagent:c:\Users\JEREMIE\.vscode\extensions\redhat.java-1.52.0-win32-x64\lombok\lombok-1.18.39-4050.jar 
java_command: c:\Users\JEREMIE\.vscode\extensions\redhat.java-1.52.0-win32-x64\server\plugins\org.eclipse.equinox.launcher_1.7.100.v20251111-0406.jar -configuration c:\Users\JEREMIE\AppData\Roaming\Code\User\globalStorage\redhat.java\1.52.0\config_ss_win -data c:\Users\JEREMIE\AppData\Roaming\Code\User\workspaceStorage\63474e2ec000af6b422a27403d030dcc\redhat.java\ss_ws --pipe=\\.\pipe\lsp-e975deeab3418f06468ebc6860108db3-sock
java_class_path (initial): c:\Users\JEREMIE\.vscode\extensions\redhat.java-1.52.0-win32-x64\server\plugins\org.eclipse.equinox.launcher_1.7.100.v20251111-0406.jar
Launcher Type: SUN_STANDARD

[Global flags]
    uintx AdaptiveSizePolicyWeight                 = 90                                        {product} {command line}
     intx CICompilerCount                          = 4                                         {product} {ergonomic}
    uintx GCTimeRatio                              = 4                                         {product} {command line}
   size_t InitialHeapSize                          = 104857600                                 {product} {command line}
   size_t MaxHeapSize                              = 2147483648                                {product} {command line}
   size_t MaxNewSize                               = 715653120                                 {product} {ergonomic}
   size_t MinHeapDeltaBytes                        = 524288                                    {product} {ergonomic}
   size_t MinHeapSize                              = 104857600                                 {product} {command line}
   size_t NewSize                                  = 34603008                                  {product} {ergonomic}
    uintx NonNMethodCodeHeapSize                   = 5839372                                {pd product} {ergonomic}
    uintx NonProfiledCodeHeapSize                  = 122909434                              {pd product} {ergonomic}
   size_t OldSize                                  = 70254592                                  {product} {ergonomic}
    uintx ProfiledCodeHeapSize                     = 122909434                              {pd product} {ergonomic}
    uintx ReservedCodeCacheSize                    = 251658240                              {pd product} {ergonomic}
     bool SegmentedCodeCache                       = true                                      {product} {ergonomic}
   size_t SoftMaxHeapSize                          = 2147483648                             {manageable} {ergonomic}
     bool UseCompressedOops                        = true                           {product lp64_product} {ergonomic}
     bool UseLargePagesIndividualAllocation        = false                                  {pd product} {ergonomic}
     bool UseParallelGC                            = true                                      {product} {command line}

Logging:
Log output configuration:
 #0: stdout all=off uptime,level,tags foldmultilines=false
 #1: stderr all=off uptime,level,tags foldmultilines=false

Release file:
JAVA_VERSION="21.0.9" 
MODULES="java.base java.compiler java.datatransfer java.xml java.prefs java.desktop java.instrument java.logging java.management java.security.sasl java.naming java.rmi java.management.rmi java.net.http java.scripting java.security.jgss java.transaction.xa java.sql java.sql.rowset java.xml.crypto java.se java.smartcardio jdk.accessibility jdk.internal.jvmstat jdk.attach jdk.charsets jdk.internal.opt jdk.zipfs jdk.compiler jdk.crypto.ec jdk.crypto.cryptoki jdk.crypto.mscapi jdk.dynalink jdk.internal.ed jdk.editpad jdk.hotspot.agent jdk.httpserver jdk.internal.le jdk.internal.vm.ci jdk.internal.vm.compiler jdk.internal.vm.compiler.management jdk.jartool jdk.javadoc jdk.jcmd jdk.management jdk.management.agent jdk.jconsole jdk.jdeps jdk.jdwp.agent jdk.jdi jdk.jfr jdk.jshell jdk.jsobject jdk.jstatd jdk.localedata jdk.management.jfr jdk.naming.dns jdk.naming.rmi jdk.net jdk.nio.mapmode jdk.random jdk.sctp jdk.security.auth jdk.security.jgss jdk.unsupported jdk.unsupported.desktop jdk.xml.dom" 

Environment Variables:
JAVA_HOME=E:\Programme\Java\jdk-21
PATH=C:\Program Files\Common Files\Oracle\Java\javapath;E:\Programme\Vmware\bin\;E:\Programme\Python39\Scripts\;E:\Programme\Python39\;C:\WINDOWS\system32;C:\WINDOWS;C:\WINDOWS\System32\Wbem;C:\WINDOWS\System32\WindowsPowerShell\v1.0\;C:\WINDOWS\System32\OpenSSH\;E:\Programme\Java\jdk-21\bin;E:\Programme\flutter\flutter\bin;E:\Programme\;E:\Programme\platform-tools;E:\Programme\Git\Git\cmd;C:\apktools;E:\Programme\python38_32bit\Scripts\;E:\Programme\python38_32bit\;C:\Users\JEREMIE\AppData\Local\Microsoft\WindowsApps;E:\Programme\VSCode\Microsoft VS Code\bin;E:\Programme\MinGW\bin;C:\Users\JEREMIE\AppData\Roaming\npm;E:\Programme\flutter\flutter\bin;E:\Programme\jdk-24\bin;;C:\Users\JEREMIE\.lmstudio\bin;E:\Programme\Nmap;C:\Users\JEREMIE\AppData\Local\Programs\Antigravity\bin
USERNAME=JEREMIE
OS=Windows_NT
PROCESSOR_IDENTIFIER=Intel64 Family 6 Model 142 Stepping 12, GenuineIntel
TMP=C:\Users\JEREMIE\AppData\Local\Temp
TEMP=C:\Users\JEREMIE\AppData\Local\Temp




Periodic native trim disabled

---------------  S Y S T E M  ---------------

OS:
 Windows 11 , 64 bit Build 22621 (10.0.22621.5415)
OS uptime: 2 days 2:20 hours

CPU: total 8 (initial active 8) (4 cores per cpu, 2 threads per core) family 6 model 142 stepping 12 microcode 0xfa, cx8, cmov, fxsr, ht, mmx, 3dnowpref, sse, sse2, sse3, ssse3, sse4.1, sse4.2, popcnt, lzcnt, tsc, tscinvbit, avx, avx2, aes, erms, clmul, bmi1, bmi2, adx, fma, vzeroupper, clflush, clflushopt, rdtscp, f16c
Processor Information for the first 8 processors :
  Max Mhz: 1992, Current Mhz: 796, Mhz Limit: 796

Memory: 4k page, system-wide physical 7971M (376M free)
TotalPageFile size 24750M (AvailPageFile size 2M)
current process WorkingSet (physical memory assigned to process): 203M, peak: 203M
current process commit charge ("private bytes"): 311M, peak: 312M

vm_info: OpenJDK 64-Bit Server VM (21.0.9+10-LTS) for windows-amd64 JRE (21.0.9+10-LTS), built on 2025-10-21T00:00:00Z by "admin" with unknown MS VC++:1942

END.
