#
# There is insufficient memory for the Java Runtime Environment to continue.
# Native memory allocation (malloc) failed to allocate 1560816 bytes. Error detail: Chunk::new
# Possible reasons:
#   The system is out of physical RAM or swap space
#   This process is running with CompressedOops enabled, and the Java Heap may be blocking the growth of the native heap
# Possible solutions:
#   Reduce memory load on the system
#   Increase physical memory or swap space
#   Check if swap backing store is full
#   Decrease Java heap size (-Xmx/-Xms)
#   Decrease number of Java threads
#   Decrease Java thread stack sizes (-Xss)
#   Set larger code cache with -XX:ReservedCodeCacheSize=
#   JVM is running with Unscaled Compressed Oops mode in which the Java heap is
#     placed in the first 4GB address space. The Java Heap base address is the
#     maximum limit for the native heap growth. Please use -XX:HeapBaseMinAddress
#     to set the Java Heap base and to place the Java Heap above 4GB virtual address.
# This output file may be truncated or incomplete.
#
#  Out of Memory Error (arena.cpp:168), pid=20712, tid=34492
#
# JRE version: OpenJDK Runtime Environment Temurin-21.0.9+10 (21.0.9+10) (build 21.0.9+10-LTS)
# Java VM: OpenJDK 64-Bit Server VM Temurin-21.0.9+10 (21.0.9+10-LTS, mixed mode, sharing, tiered, compressed oops, compressed class ptrs, parallel gc, windows-amd64)
# No core dump will be written. Minidumps are not enabled by default on client versions of Windows
#

---------------  S U M M A R Y ------------

Command Line: --add-modules=ALL-SYSTEM --add-opens=java.base/java.util=ALL-UNNAMED --add-opens=java.base/java.lang=ALL-UNNAMED --add-opens=java.base/sun.nio.fs=ALL-UNNAMED -Declipse.application=org.eclipse.jdt.ls.core.id1 -Dosgi.bundles.defaultStartLevel=4 -Declipse.product=org.eclipse.jdt.ls.core.product -Djava.import.generatesMetadataFilesAtProjectRoot=false -DDetectVMInstallationsJob.disabled=true -Dfile.encoding=utf8 -XX:+UseParallelGC -XX:GCTimeRatio=4 -XX:AdaptiveSizePolicyWeight=90 -Dsun.zip.disableMemoryMapping=true -Xmx2G -Xms100m -Xlog:disable -javaagent:c:\Users\JEREMIE\.vscode\extensions\redhat.java-1.52.0-win32-x64\lombok\lombok-1.18.39-4050.jar -XX:+HeapDumpOnOutOfMemoryError -XX:HeapDumpPath=c:\Users\JEREMIE\AppData\Roaming\Code\User\workspaceStorage\63474e2ec000af6b422a27403d030dcc\redhat.java -Daether.dependencyCollector.impl=bf c:\Users\JEREMIE\.vscode\extensions\redhat.java-1.52.0-win32-x64\server\plugins\org.eclipse.equinox.launcher_1.7.100.v20251111-0406.jar -configuration c:\Users\JEREMIE\AppData\Roaming\Code\User\globalStorage\redhat.java\1.52.0\config_win -data c:\Users\JEREMIE\AppData\Roaming\Code\User\workspaceStorage\63474e2ec000af6b422a27403d030dcc\redhat.java\jdt_ws --pipe=\\.\pipe\lsp-0fd97882abd73718300afba2fd3c9392-sock

Host: Intel(R) Core(TM) i7-8565U CPU @ 1.80GHz, 8 cores, 7G,  Windows 11 , 64 bit Build 22621 (10.0.22621.5415)
Time: Thu Feb 19 13:39:52 2026 Paris, Madrid elapsed time: 32.617565 seconds (0d 0h 0m 32s)

---------------  T H R E A D  ---------------

Current thread (0x0000015ec51ddc20):  JavaThread "C2 CompilerThread0" daemon [_thread_in_native, id=34492, stack(0x000000179d400000,0x000000179d500000) (1024K)]


Current CompileTask:
C2:32617 7618   !   4       java.nio.file.FileTreeWalker::next (144 bytes)

Stack: [0x000000179d400000,0x000000179d500000]
Native frames: (J=compiled Java code, j=interpreted, Vv=VM code, C=native code)
V  [jvm.dll+0x6d6e29]
V  [jvm.dll+0x8b4b76]
V  [jvm.dll+0x8b712e]
V  [jvm.dll+0x8b7813]
V  [jvm.dll+0x283d86]
V  [jvm.dll+0xc66ed]
V  [jvm.dll+0xc6c31]
V  [jvm.dll+0x3be501]
V  [jvm.dll+0x38ab92]
V  [jvm.dll+0x389fda]
V  [jvm.dll+0x24bfa0]
V  [jvm.dll+0x24b580]
V  [jvm.dll+0x1cb13e]
V  [jvm.dll+0x25b29d]
V  [jvm.dll+0x25982a]
V  [jvm.dll+0x3f7ea6]
V  [jvm.dll+0x85e9ad]
V  [jvm.dll+0x6d565d]
C  [ucrtbase.dll+0x29333]
C  [KERNEL32.DLL+0x1259d]
C  [ntdll.dll+0x5af78]


---------------  P R O C E S S  ---------------

Threads class SMR info:
_java_thread_list=0x0000015ee3e3dd20, length=49, elements={
0x0000015ec2e025f0, 0x0000015ec51d51c0, 0x0000015ec51d6670, 0x0000015ec51d7fe0,
0x0000015ec51d9500, 0x0000015ec51dbb70, 0x0000015ec51dd1e0, 0x0000015ec51ddc20,
0x0000015edd491810, 0x0000015edd60eb10, 0x0000015edd6f6a60, 0x0000015ee243bd30,
0x0000015ee254ae50, 0x0000015ee25c0f10, 0x0000015ee24ebf80, 0x0000015ee2b9a8e0,
0x0000015ee2e7e700, 0x0000015ee2a28ae0, 0x0000015ee28546d0, 0x0000015ee305d750,
0x0000015ee305f820, 0x0000015ee305feb0, 0x0000015ee3060540, 0x0000015ee305f190,
0x0000015ee305dde0, 0x0000015ee305eb00, 0x0000015ee305d0c0, 0x0000015ee305e470,
0x0000015ee531e5e0, 0x0000015ee531d8c0, 0x0000015ee5322e10, 0x0000015ee531df50,
0x0000015ee53220f0, 0x0000015ee5320020, 0x0000015ee5321a60, 0x0000015ee531cba0,
0x0000015ee53206b0, 0x0000015ee531ec70, 0x0000015ee531f300, 0x0000015ee531f990,
0x0000015ee531d230, 0x0000015ee5320d40, 0x0000015ee53213d0, 0x0000015ee5322780,
0x0000015ee531be80, 0x0000015ee53234a0, 0x0000015ee5b97430, 0x0000015ee5b94640,
0x0000015ee5b93fb0
}

Java Threads: ( => current thread )
  0x0000015ec2e025f0 JavaThread "main"                              [_thread_blocked, id=9808, stack(0x000000179ca00000,0x000000179cb00000) (1024K)]
  0x0000015ec51d51c0 JavaThread "Reference Handler"          daemon [_thread_blocked, id=35692, stack(0x000000179ce00000,0x000000179cf00000) (1024K)]
  0x0000015ec51d6670 JavaThread "Finalizer"                  daemon [_thread_blocked, id=28820, stack(0x000000179cf00000,0x000000179d000000) (1024K)]
  0x0000015ec51d7fe0 JavaThread "Signal Dispatcher"          daemon [_thread_blocked, id=37792, stack(0x000000179d000000,0x000000179d100000) (1024K)]
  0x0000015ec51d9500 JavaThread "Attach Listener"            daemon [_thread_blocked, id=21292, stack(0x000000179d100000,0x000000179d200000) (1024K)]
  0x0000015ec51dbb70 JavaThread "Service Thread"             daemon [_thread_blocked, id=30716, stack(0x000000179d200000,0x000000179d300000) (1024K)]
  0x0000015ec51dd1e0 JavaThread "Monitor Deflation Thread"   daemon [_thread_blocked, id=6508, stack(0x000000179d300000,0x000000179d400000) (1024K)]
=>0x0000015ec51ddc20 JavaThread "C2 CompilerThread0"         daemon [_thread_in_native, id=34492, stack(0x000000179d400000,0x000000179d500000) (1024K)]
  0x0000015edd491810 JavaThread "C1 CompilerThread0"         daemon [_thread_blocked, id=5772, stack(0x000000179d500000,0x000000179d600000) (1024K)]
  0x0000015edd60eb10 JavaThread "Common-Cleaner"             daemon [_thread_blocked, id=33716, stack(0x000000179d600000,0x000000179d700000) (1024K)]
  0x0000015edd6f6a60 JavaThread "Notification Thread"        daemon [_thread_blocked, id=21488, stack(0x000000179d700000,0x000000179d800000) (1024K)]
  0x0000015ee243bd30 JavaThread "Active Thread: Equinox Container: cd5bb7f7-f76c-4e6c-8004-5d916449b073"        [_thread_blocked, id=32456, stack(0x000000179df00000,0x000000179e000000) (1024K)]
  0x0000015ee254ae50 JavaThread "Refresh Thread: Equinox Container: cd5bb7f7-f76c-4e6c-8004-5d916449b073" daemon [_thread_blocked, id=31240, stack(0x000000179e000000,0x000000179e100000) (1024K)]
  0x0000015ee25c0f10 JavaThread "Framework Event Dispatcher: Equinox Container: cd5bb7f7-f76c-4e6c-8004-5d916449b073" daemon [_thread_blocked, id=28440, stack(0x000000179e200000,0x000000179e300000) (1024K)]
  0x0000015ee24ebf80 JavaThread "Start Level: Equinox Container: cd5bb7f7-f76c-4e6c-8004-5d916449b073" daemon [_thread_blocked, id=31360, stack(0x000000179e300000,0x000000179e400000) (1024K)]
  0x0000015ee2b9a8e0 JavaThread "Bundle File Closer"         daemon [_thread_blocked, id=37804, stack(0x000000179e400000,0x000000179e500000) (1024K)]
  0x0000015ee2e7e700 JavaThread "SCR Component Actor"        daemon [_thread_blocked, id=35896, stack(0x000000179e500000,0x000000179e600000) (1024K)]
  0x0000015ee2a28ae0 JavaThread "Worker-JM"                         [_thread_blocked, id=29312, stack(0x000000179de00000,0x000000179df00000) (1024K)]
  0x0000015ee28546d0 JavaThread "JNA Cleaner"                daemon [_thread_blocked, id=20368, stack(0x000000179e600000,0x000000179e700000) (1024K)]
  0x0000015ee305d750 JavaThread "Worker-0"                          [_thread_blocked, id=21508, stack(0x000000179e700000,0x000000179e800000) (1024K)]
  0x0000015ee305f820 JavaThread "Worker-1"                          [_thread_blocked, id=24468, stack(0x000000179e800000,0x000000179e900000) (1024K)]
  0x0000015ee305feb0 JavaThread "Worker-2"                          [_thread_blocked, id=26328, stack(0x000000179ea00000,0x000000179eb00000) (1024K)]
  0x0000015ee3060540 JavaThread "Worker-3"                          [_thread_blocked, id=3056, stack(0x000000179eb00000,0x000000179ec00000) (1024K)]
  0x0000015ee305f190 JavaThread "Java indexing"              daemon [_thread_blocked, id=13432, stack(0x000000179ec00000,0x000000179ed00000) (1024K)]
  0x0000015ee305dde0 JavaThread "Worker-4"                          [_thread_blocked, id=3028, stack(0x000000179ef00000,0x000000179f000000) (1024K)]
  0x0000015ee305eb00 JavaThread "Worker-5: Initialize workspace"        [_thread_blocked, id=14824, stack(0x000000179f000000,0x000000179f100000) (1024K)]
  0x0000015ee305d0c0 JavaThread "Thread-1"                   daemon [_thread_in_native, id=34848, stack(0x000000179f100000,0x000000179f200000) (1024K)]
  0x0000015ee305e470 JavaThread "Thread-2"                   daemon [_thread_in_native, id=29784, stack(0x000000179f200000,0x000000179f300000) (1024K)]
  0x0000015ee531e5e0 JavaThread "Thread-3"                   daemon [_thread_in_native, id=15424, stack(0x000000179f300000,0x000000179f400000) (1024K)]
  0x0000015ee531d8c0 JavaThread "Thread-4"                   daemon [_thread_in_native, id=23404, stack(0x000000179f400000,0x000000179f500000) (1024K)]
  0x0000015ee5322e10 JavaThread "Thread-5"                   daemon [_thread_in_native, id=14432, stack(0x000000179f500000,0x000000179f600000) (1024K)]
  0x0000015ee531df50 JavaThread "Thread-6"                   daemon [_thread_in_native, id=36100, stack(0x000000179f600000,0x000000179f700000) (1024K)]
  0x0000015ee53220f0 JavaThread "Thread-7"                   daemon [_thread_in_native, id=31276, stack(0x000000179f700000,0x000000179f800000) (1024K)]
  0x0000015ee5320020 JavaThread "Thread-8"                   daemon [_thread_in_native, id=33320, stack(0x000000179f800000,0x000000179f900000) (1024K)]
  0x0000015ee5321a60 JavaThread "Thread-9"                   daemon [_thread_in_native, id=33144, stack(0x000000179f900000,0x000000179fa00000) (1024K)]
  0x0000015ee531cba0 JavaThread "pool-2-thread-1"                   [_thread_blocked, id=30440, stack(0x000000179fa00000,0x000000179fb00000) (1024K)]
  0x0000015ee53206b0 JavaThread "WorkspaceEventsHandler"            [_thread_blocked, id=2508, stack(0x000000179fb00000,0x000000179fc00000) (1024K)]
  0x0000015ee531ec70 JavaThread "pool-1-thread-1"                   [_thread_in_Java, id=16916, stack(0x000000179fc00000,0x000000179fd00000) (1024K)]
  0x0000015ee531f300 JavaThread "ForkJoinPool.commonPool-worker-1" daemon [_thread_blocked, id=25768, stack(0x000000179fd00000,0x000000179fe00000) (1024K)]
  0x0000015ee531f990 JavaThread "ForkJoinPool.commonPool-worker-2" daemon [_thread_blocked, id=38304, stack(0x000000179fe00000,0x000000179ff00000) (1024K)]
  0x0000015ee531d230 JavaThread "ForkJoinPool.commonPool-worker-3" daemon [_thread_blocked, id=23572, stack(0x000000179ff00000,0x00000017a0000000) (1024K)]
  0x0000015ee5320d40 JavaThread "ForkJoinPool.commonPool-worker-4" daemon [_thread_blocked, id=17860, stack(0x00000017a0000000,0x00000017a0100000) (1024K)]
  0x0000015ee53213d0 JavaThread "ForkJoinPool.commonPool-worker-5" daemon [_thread_blocked, id=23116, stack(0x00000017a0100000,0x00000017a0200000) (1024K)]
  0x0000015ee5322780 JavaThread "ForkJoinPool.commonPool-worker-6" daemon [_thread_blocked, id=6396, stack(0x00000017a0200000,0x00000017a0300000) (1024K)]
  0x0000015ee531be80 JavaThread "ForkJoinPool.commonPool-worker-7" daemon [_thread_blocked, id=2500, stack(0x00000017a0300000,0x00000017a0400000) (1024K)]
  0x0000015ee53234a0 JavaThread "Timer-0"                           [_thread_blocked, id=32624, stack(0x000000179e900000,0x000000179ea00000) (1024K)]
  0x0000015ee5b97430 JavaThread "Exec process"                      [_thread_blocked, id=13188, stack(0x00000017a0500000,0x00000017a0600000) (1024K)]
  0x0000015ee5b94640 JavaThread "Exec process Thread 2"             [_thread_blocked, id=25836, stack(0x00000017a0600000,0x00000017a0700000) (1024K)]
  0x0000015ee5b93fb0 JavaThread "Exec process Thread 3"             [_thread_blocked, id=15264, stack(0x00000017a0700000,0x00000017a0800000) (1024K)]
Total: 49

Other Threads:
  0x0000015ec51d3d80 VMThread "VM Thread"                           [id=6388, stack(0x000000179cd00000,0x000000179ce00000) (1024K)]
  0x0000015ec52d4780 WatcherThread "VM Periodic Task Thread"        [id=29632, stack(0x000000179cc00000,0x000000179cd00000) (1024K)]
  0x0000015ec5284b80 WorkerThread "GC Thread#0"                     [id=34788, stack(0x000000179cb00000,0x000000179cc00000) (1024K)]
  0x0000015ee2238030 WorkerThread "GC Thread#1"                     [id=28736, stack(0x000000179d800000,0x000000179d900000) (1024K)]
  0x0000015ee2434cc0 WorkerThread "GC Thread#2"                     [id=14080, stack(0x000000179d900000,0x000000179da00000) (1024K)]
  0x0000015ee2435060 WorkerThread "GC Thread#3"                     [id=29348, stack(0x000000179da00000,0x000000179db00000) (1024K)]
  0x0000015ee24c1010 WorkerThread "GC Thread#4"                     [id=18920, stack(0x000000179db00000,0x000000179dc00000) (1024K)]
  0x0000015ee24c13b0 WorkerThread "GC Thread#5"                     [id=34300, stack(0x000000179dc00000,0x000000179dd00000) (1024K)]
  0x0000015edd805700 WorkerThread "GC Thread#6"                     [id=21276, stack(0x000000179dd00000,0x000000179de00000) (1024K)]
  0x0000015ee254b8b0 WorkerThread "GC Thread#7"                     [id=36276, stack(0x000000179e100000,0x000000179e200000) (1024K)]
Total: 10

Threads with active compile tasks:
C2 CompilerThread0  32715 7618   !   4       java.nio.file.FileTreeWalker::next (144 bytes)
Total: 1

VM state: not at safepoint (normal execution)

VM Mutex/Monitor currently owned by a thread: None

Heap address: 0x0000000080000000, size: 2048 MB, Compressed Oops mode: 32-bit

CDS archive(s) mapped at: [0x0000015e80000000-0x0000015e80ba0000-0x0000015e80ba0000), size 12189696, SharedBaseAddress: 0x0000015e80000000, ArchiveRelocationMode: 1.
Compressed class space mapped at: 0x0000015e81000000-0x0000015ec1000000, reserved size: 1073741824
Narrow klass base: 0x0000015e80000000, Narrow klass shift: 0, Narrow klass range: 0x100000000

GC Precious Log:
 CardTable entry size: 512
 CPUs: 8 total, 8 available
 Memory: 7971M
 Large Page Support: Disabled
 NUMA Support: Disabled
 Compressed Oops: Enabled (32-bit)
 Alignments: Space 512K, Generation 512K, Heap 2M
 Heap Min Capacity: 100M
 Heap Initial Capacity: 100M
 Heap Max Capacity: 2G
 Pre-touch: Disabled
 Parallel Workers: 8

Heap:
 PSYoungGen      total 24576K, used 23753K [0x00000000d5580000, 0x00000000d7180000, 0x0000000100000000)
  eden space 22016K, 98% used [0x00000000d5580000,0x00000000d6ab1430,0x00000000d6b00000)
  from space 2560K, 80% used [0x00000000d6f00000,0x00000000d7101000,0x00000000d7180000)
  to   space 2560K, 0% used [0x00000000d6c80000,0x00000000d6c80000,0x00000000d6f00000)
 ParOldGen       total 68608K, used 52592K [0x0000000080000000, 0x0000000084300000, 0x00000000d5580000)
  object space 68608K, 76% used [0x0000000080000000,0x000000008335c2f0,0x0000000084300000)
 Metaspace       used 56844K, committed 58176K, reserved 1114112K
  class space    used 6663K, committed 7232K, reserved 1048576K

Card table byte_map: [0x0000015ec4be0000,0x0000015ec4ff0000] _byte_map_base: 0x0000015ec47e0000

Marking Bits: (ParMarkBitMap*) 0x00007ffb7e0d2460
 Begin Bits: [0x0000015ed76f0000, 0x0000015ed96f0000)
 End Bits:   [0x0000015ed96f0000, 0x0000015edb6f0000)

Polling page: 0x0000015ec3070000

Metaspace:

Usage:
  Non-class:     49.00 MB used.
      Class:      6.51 MB used.
       Both:     55.51 MB used.

Virtual space:
  Non-class space:       64.00 MB reserved,      49.75 MB ( 78%) committed,  1 nodes.
      Class space:        1.00 GB reserved,       7.06 MB ( <1%) committed,  1 nodes.
             Both:        1.06 GB reserved,      56.81 MB (  5%) committed. 

Chunk freelists:
   Non-Class:  14.06 MB
       Class:  8.91 MB
        Both:  22.97 MB

MaxMetaspaceSize: unlimited
CompressedClassSpaceSize: 1.00 GB
Initial GC threshold: 21.00 MB
Current GC threshold: 58.38 MB
CDS: on
 - commit_granule_bytes: 65536.
 - commit_granule_words: 8192.
 - virtual_space_node_default_size: 8388608.
 - enlarge_chunks_in_place: 1.
 - use_allocation_guard: 0.


Internal statistics:

num_allocs_failed_limit: 6.
num_arena_births: 1058.
num_arena_deaths: 42.
num_vsnodes_births: 2.
num_vsnodes_deaths: 0.
num_space_committed: 909.
num_space_uncommitted: 0.
num_chunks_returned_to_freelist: 57.
num_chunks_taken_from_freelist: 3565.
num_chunk_merges: 8.
num_chunk_splits: 2251.
num_chunks_enlarged: 1406.
num_inconsistent_stats: 0.

CodeHeap 'non-profiled nmethods': size=120000Kb used=3726Kb max_used=3726Kb free=116273Kb
 bounds [0x0000015ecff10000, 0x0000015ed02c0000, 0x0000015ed7440000]
CodeHeap 'profiled nmethods': size=120000Kb used=14618Kb max_used=14618Kb free=105381Kb
 bounds [0x0000015ec8440000, 0x0000015ec9290000, 0x0000015ecf970000]
CodeHeap 'non-nmethods': size=5760Kb used=1385Kb max_used=1458Kb free=4374Kb
 bounds [0x0000015ecf970000, 0x0000015ecfbe0000, 0x0000015ecff10000]
CodeCache: size=245760Kb, used=19729Kb, max_used=19802Kb, free=226028Kb
 total_blobs=7859, nmethods=7171, adapters=594, full_count=0
Compilation: enabled, stopped_count=0, restarted_count=0

Compilation events (20 events):
Event: 32.458 Thread 0x0000015edd491810 7712       2       org.eclipse.jdt.internal.core.JavaElement::hashCode (28 bytes)
Event: 32.459 Thread 0x0000015edd491810 nmethod 7712 0x0000015ec9282e90 code [0x0000015ec9283040, 0x0000015ec92831a0]
Event: 32.459 Thread 0x0000015edd491810 7713       1       org.eclipse.jdt.internal.core.JarPackageFragmentRoot::isArchive (2 bytes)
Event: 32.460 Thread 0x0000015edd491810 nmethod 7713 0x0000015ed02b3190 code [0x0000015ed02b3320, 0x0000015ed02b33e8]
Event: 32.520 Thread 0x0000015edd491810 7719       3       java.util.ArrayList::equalsRange (85 bytes)
Event: 32.521 Thread 0x0000015edd491810 nmethod 7719 0x0000015ec9283290 code [0x0000015ec92834e0, 0x0000015ec9283dd0]
Event: 32.537 Thread 0x0000015edd491810 7721       3       java.nio.MappedByteBuffer::position (6 bytes)
Event: 32.537 Thread 0x0000015edd491810 nmethod 7721 0x0000015ec9284090 code [0x0000015ec9284240, 0x0000015ec9284450]
Event: 32.544 Thread 0x0000015edd491810 7722       2       java.util.ImmutableCollections$AbstractImmutableList::<init> (5 bytes)
Event: 32.545 Thread 0x0000015edd491810 nmethod 7722 0x0000015ec9284590 code [0x0000015ec9284720, 0x0000015ec9284828]
Event: 32.547 Thread 0x0000015edd491810 7724       2       org.eclipse.jdt.internal.core.Openable::getPackageFragmentRoot (9 bytes)
Event: 32.547 Thread 0x0000015edd491810 nmethod 7724 0x0000015ec9284910 code [0x0000015ec9284ac0, 0x0000015ec9284d08]
Event: 32.553 Thread 0x0000015edd491810 7725       1       org.eclipse.jdt.internal.core.AbstractClassFile::getElementType (3 bytes)
Event: 32.553 Thread 0x0000015edd491810 nmethod 7725 0x0000015ed02b3490 code [0x0000015ed02b3620, 0x0000015ed02b36e8]
Event: 32.553 Thread 0x0000015edd491810 7726       2       org.eclipse.jdt.internal.core.util.MementoTokenizer::escape (195 bytes)
Event: 32.554 Thread 0x0000015edd491810 nmethod 7726 0x0000015ec9284e90 code [0x0000015ec9285060, 0x0000015ec9285420]
Event: 32.595 Thread 0x0000015edd491810 7728       1       org.eclipse.jdt.internal.core.PackageFragment::getElementType (2 bytes)
Event: 32.595 Thread 0x0000015edd491810 nmethod 7728 0x0000015ed02b3790 code [0x0000015ed02b3920, 0x0000015ed02b39e8]
Event: 32.596 Thread 0x0000015edd491810 7729       2       org.eclipse.jdt.internal.compiler.classfmt.ModuleInfo$PackageExportInfo::<init> (10 bytes)
Event: 32.596 Thread 0x0000015edd491810 nmethod 7729 0x0000015ec9285790 code [0x0000015ec9285920, 0x0000015ec9285a40]

GC Heap History (20 events):
Event: 24.557 GC heap before
{Heap before GC invocations=23 (full 2):
 PSYoungGen      total 23040K, used 23024K [0x00000000d5580000, 0x00000000d7580000, 0x0000000100000000)
  eden space 22016K, 100% used [0x00000000d5580000,0x00000000d6b00000,0x00000000d6b00000)
  from space 1024K, 98% used [0x00000000d7480000,0x00000000d757c010,0x00000000d7580000)
  to   space 4096K, 0% used [0x00000000d6d80000,0x00000000d6d80000,0x00000000d7180000)
 ParOldGen       total 68608K, used 30719K [0x0000000080000000, 0x0000000084300000, 0x00000000d5580000)
  object space 68608K, 44% used [0x0000000080000000,0x0000000081dfff60,0x0000000084300000)
 Metaspace       used 48985K, committed 50176K, reserved 1114112K
  class space    used 5479K, committed 5952K, reserved 1048576K
}
Event: 24.568 GC heap after
{Heap after GC invocations=23 (full 2):
 PSYoungGen      total 26112K, used 4071K [0x00000000d5580000, 0x00000000d8000000, 0x0000000100000000)
  eden space 22016K, 0% used [0x00000000d5580000,0x00000000d5580000,0x00000000d6b00000)
  from space 4096K, 99% used [0x00000000d6d80000,0x00000000d7179d08,0x00000000d7180000)
  to   space 10752K, 0% used [0x00000000d7580000,0x00000000d7580000,0x00000000d8000000)
 ParOldGen       total 68608K, used 35607K [0x0000000080000000, 0x0000000084300000, 0x00000000d5580000)
  object space 68608K, 51% used [0x0000000080000000,0x00000000822c5f38,0x0000000084300000)
 Metaspace       used 48985K, committed 50176K, reserved 1114112K
  class space    used 5479K, committed 5952K, reserved 1048576K
}
Event: 25.576 GC heap before
{Heap before GC invocations=24 (full 2):
 PSYoungGen      total 26112K, used 26087K [0x00000000d5580000, 0x00000000d8000000, 0x0000000100000000)
  eden space 22016K, 100% used [0x00000000d5580000,0x00000000d6b00000,0x00000000d6b00000)
  from space 4096K, 99% used [0x00000000d6d80000,0x00000000d7179d08,0x00000000d7180000)
  to   space 10752K, 0% used [0x00000000d7580000,0x00000000d7580000,0x00000000d8000000)
 ParOldGen       total 68608K, used 35607K [0x0000000080000000, 0x0000000084300000, 0x00000000d5580000)
  object space 68608K, 51% used [0x0000000080000000,0x00000000822c5f38,0x0000000084300000)
 Metaspace       used 50488K, committed 51648K, reserved 1114112K
  class space    used 5728K, committed 6208K, reserved 1048576K
}
Event: 25.580 GC heap after
{Heap after GC invocations=24 (full 2):
 PSYoungGen      total 23040K, used 800K [0x00000000d5580000, 0x00000000d7680000, 0x0000000100000000)
  eden space 22016K, 0% used [0x00000000d5580000,0x00000000d5580000,0x00000000d6b00000)
  from space 1024K, 78% used [0x00000000d7580000,0x00000000d7648000,0x00000000d7680000)
  to   space 4096K, 0% used [0x00000000d6e80000,0x00000000d6e80000,0x00000000d7280000)
 ParOldGen       total 68608K, used 39631K [0x0000000080000000, 0x0000000084300000, 0x00000000d5580000)
  object space 68608K, 57% used [0x0000000080000000,0x00000000826b3fd8,0x0000000084300000)
 Metaspace       used 50488K, committed 51648K, reserved 1114112K
  class space    used 5728K, committed 6208K, reserved 1048576K
}
Event: 26.647 GC heap before
{Heap before GC invocations=25 (full 2):
 PSYoungGen      total 23040K, used 22808K [0x00000000d5580000, 0x00000000d7680000, 0x0000000100000000)
  eden space 22016K, 99% used [0x00000000d5580000,0x00000000d6afe0c8,0x00000000d6b00000)
  from space 1024K, 78% used [0x00000000d7580000,0x00000000d7648000,0x00000000d7680000)
  to   space 4096K, 0% used [0x00000000d6e80000,0x00000000d6e80000,0x00000000d7280000)
 ParOldGen       total 68608K, used 39631K [0x0000000080000000, 0x0000000084300000, 0x00000000d5580000)
  object space 68608K, 57% used [0x0000000080000000,0x00000000826b3fd8,0x0000000084300000)
 Metaspace       used 50516K, committed 51648K, reserved 1114112K
  class space    used 5729K, committed 6208K, reserved 1048576K
}
Event: 26.650 GC heap after
{Heap after GC invocations=25 (full 2):
 PSYoungGen      total 26112K, used 3793K [0x00000000d5580000, 0x00000000d7600000, 0x0000000100000000)
  eden space 22016K, 0% used [0x00000000d5580000,0x00000000d5580000,0x00000000d6b00000)
  from space 4096K, 92% used [0x00000000d6e80000,0x00000000d7234568,0x00000000d7280000)
  to   space 3584K, 0% used [0x00000000d7280000,0x00000000d7280000,0x00000000d7600000)
 ParOldGen       total 68608K, used 40304K [0x0000000080000000, 0x0000000084300000, 0x00000000d5580000)
  object space 68608K, 58% used [0x0000000080000000,0x000000008275c388,0x0000000084300000)
 Metaspace       used 50516K, committed 51648K, reserved 1114112K
  class space    used 5729K, committed 6208K, reserved 1048576K
}
Event: 27.272 GC heap before
{Heap before GC invocations=26 (full 2):
 PSYoungGen      total 26112K, used 25809K [0x00000000d5580000, 0x00000000d7600000, 0x0000000100000000)
  eden space 22016K, 100% used [0x00000000d5580000,0x00000000d6b00000,0x00000000d6b00000)
  from space 4096K, 92% used [0x00000000d6e80000,0x00000000d7234568,0x00000000d7280000)
  to   space 3584K, 0% used [0x00000000d7280000,0x00000000d7280000,0x00000000d7600000)
 ParOldGen       total 68608K, used 40304K [0x0000000080000000, 0x0000000084300000, 0x00000000d5580000)
  object space 68608K, 58% used [0x0000000080000000,0x000000008275c388,0x0000000084300000)
 Metaspace       used 52034K, committed 53248K, reserved 1114112K
  class space    used 6020K, committed 6528K, reserved 1048576K
}
Event: 27.278 GC heap after
{Heap after GC invocations=26 (full 2):
 PSYoungGen      total 23552K, used 1334K [0x00000000d5580000, 0x00000000d7400000, 0x0000000100000000)
  eden space 22016K, 0% used [0x00000000d5580000,0x00000000d5580000,0x00000000d6b00000)
  from space 1536K, 86% used [0x00000000d7280000,0x00000000d73cdb68,0x00000000d7400000)
  to   space 2560K, 0% used [0x00000000d6f00000,0x00000000d6f00000,0x00000000d7180000)
 ParOldGen       total 68608K, used 43841K [0x0000000080000000, 0x0000000084300000, 0x00000000d5580000)
  object space 68608K, 63% used [0x0000000080000000,0x0000000082ad04c8,0x0000000084300000)
 Metaspace       used 52034K, committed 53248K, reserved 1114112K
  class space    used 6020K, committed 6528K, reserved 1048576K
}
Event: 28.383 GC heap before
{Heap before GC invocations=27 (full 2):
 PSYoungGen      total 23552K, used 23350K [0x00000000d5580000, 0x00000000d7400000, 0x0000000100000000)
  eden space 22016K, 100% used [0x00000000d5580000,0x00000000d6b00000,0x00000000d6b00000)
  from space 1536K, 86% used [0x00000000d7280000,0x00000000d73cdb68,0x00000000d7400000)
  to   space 2560K, 0% used [0x00000000d6f00000,0x00000000d6f00000,0x00000000d7180000)
 ParOldGen       total 68608K, used 43841K [0x0000000080000000, 0x0000000084300000, 0x00000000d5580000)
  object space 68608K, 63% used [0x0000000080000000,0x0000000082ad04c8,0x0000000084300000)
 Metaspace       used 54605K, committed 55808K, reserved 1114112K
  class space    used 6422K, committed 6976K, reserved 1048576K
}
Event: 28.387 GC heap after
{Heap after GC invocations=27 (full 2):
 PSYoungGen      total 24576K, used 752K [0x00000000d5580000, 0x00000000d7300000, 0x0000000100000000)
  eden space 22016K, 0% used [0x00000000d5580000,0x00000000d5580000,0x00000000d6b00000)
  from space 2560K, 29% used [0x00000000d6f00000,0x00000000d6fbc020,0x00000000d7180000)
  to   space 1536K, 0% used [0x00000000d7180000,0x00000000d7180000,0x00000000d7300000)
 ParOldGen       total 68608K, used 44993K [0x0000000080000000, 0x0000000084300000, 0x00000000d5580000)
  object space 68608K, 65% used [0x0000000080000000,0x0000000082bf0560,0x0000000084300000)
 Metaspace       used 54605K, committed 55808K, reserved 1114112K
  class space    used 6422K, committed 6976K, reserved 1048576K
}
Event: 31.770 GC heap before
{Heap before GC invocations=28 (full 2):
 PSYoungGen      total 24576K, used 22768K [0x00000000d5580000, 0x00000000d7300000, 0x0000000100000000)
  eden space 22016K, 100% used [0x00000000d5580000,0x00000000d6b00000,0x00000000d6b00000)
  from space 2560K, 29% used [0x00000000d6f00000,0x00000000d6fbc020,0x00000000d7180000)
  to   space 1536K, 0% used [0x00000000d7180000,0x00000000d7180000,0x00000000d7300000)
 ParOldGen       total 68608K, used 44993K [0x0000000080000000, 0x0000000084300000, 0x00000000d5580000)
  object space 68608K, 65% used [0x0000000080000000,0x0000000082bf0560,0x0000000084300000)
 Metaspace       used 56273K, committed 57600K, reserved 1114112K
  class space    used 6593K, committed 7168K, reserved 1048576K
}
Event: 31.773 GC heap after
{Heap after GC invocations=28 (full 2):
 PSYoungGen      total 23040K, used 640K [0x00000000d5580000, 0x00000000d7280000, 0x0000000100000000)
  eden space 22016K, 0% used [0x00000000d5580000,0x00000000d5580000,0x00000000d6b00000)
  from space 1024K, 62% used [0x00000000d7180000,0x00000000d7220020,0x00000000d7280000)
  to   space 1024K, 0% used [0x00000000d7080000,0x00000000d7080000,0x00000000d7180000)
 ParOldGen       total 68608K, used 45600K [0x0000000080000000, 0x0000000084300000, 0x00000000d5580000)
  object space 68608K, 66% used [0x0000000080000000,0x0000000082c88280,0x0000000084300000)
 Metaspace       used 56273K, committed 57600K, reserved 1114112K
  class space    used 6593K, committed 7168K, reserved 1048576K
}
Event: 32.041 GC heap before
{Heap before GC invocations=29 (full 2):
 PSYoungGen      total 23040K, used 22656K [0x00000000d5580000, 0x00000000d7280000, 0x0000000100000000)
  eden space 22016K, 100% used [0x00000000d5580000,0x00000000d6b00000,0x00000000d6b00000)
  from space 1024K, 62% used [0x00000000d7180000,0x00000000d7220020,0x00000000d7280000)
  to   space 1024K, 0% used [0x00000000d7080000,0x00000000d7080000,0x00000000d7180000)
 ParOldGen       total 68608K, used 45600K [0x0000000080000000, 0x0000000084300000, 0x00000000d5580000)
  object space 68608K, 66% used [0x0000000080000000,0x0000000082c88280,0x0000000084300000)
 Metaspace       used 56435K, committed 57728K, reserved 1114112K
  class space    used 6602K, committed 7168K, reserved 1048576K
}
Event: 32.045 GC heap after
{Heap after GC invocations=29 (full 2):
 PSYoungGen      total 23040K, used 992K [0x00000000d5580000, 0x00000000d7200000, 0x0000000100000000)
  eden space 22016K, 0% used [0x00000000d5580000,0x00000000d5580000,0x00000000d6b00000)
  from space 1024K, 96% used [0x00000000d7080000,0x00000000d7178010,0x00000000d7180000)
  to   space 512K, 0% used [0x00000000d7180000,0x00000000d7180000,0x00000000d7200000)
 ParOldGen       total 68608K, used 47239K [0x0000000080000000, 0x0000000084300000, 0x00000000d5580000)
  object space 68608K, 68% used [0x0000000080000000,0x0000000082e21c98,0x0000000084300000)
 Metaspace       used 56435K, committed 57728K, reserved 1114112K
  class space    used 6602K, committed 7168K, reserved 1048576K
}
Event: 32.248 GC heap before
{Heap before GC invocations=30 (full 2):
 PSYoungGen      total 23040K, used 23008K [0x00000000d5580000, 0x00000000d7200000, 0x0000000100000000)
  eden space 22016K, 100% used [0x00000000d5580000,0x00000000d6b00000,0x00000000d6b00000)
  from space 1024K, 96% used [0x00000000d7080000,0x00000000d7178010,0x00000000d7180000)
  to   space 512K, 0% used [0x00000000d7180000,0x00000000d7180000,0x00000000d7200000)
 ParOldGen       total 68608K, used 47239K [0x0000000080000000, 0x0000000084300000, 0x00000000d5580000)
  object space 68608K, 68% used [0x0000000080000000,0x0000000082e21c98,0x0000000084300000)
 Metaspace       used 56822K, committed 58176K, reserved 1114112K
  class space    used 6663K, committed 7232K, reserved 1048576K
}
Event: 32.254 GC heap after
{Heap after GC invocations=30 (full 2):
 PSYoungGen      total 22528K, used 512K [0x00000000d5580000, 0x00000000d7200000, 0x0000000100000000)
  eden space 22016K, 0% used [0x00000000d5580000,0x00000000d5580000,0x00000000d6b00000)
  from space 512K, 100% used [0x00000000d7180000,0x00000000d7200000,0x00000000d7200000)
  to   space 3584K, 0% used [0x00000000d6b00000,0x00000000d6b00000,0x00000000d6e80000)
 ParOldGen       total 68608K, used 49810K [0x0000000080000000, 0x0000000084300000, 0x00000000d5580000)
  object space 68608K, 72% used [0x0000000080000000,0x00000000830a4930,0x0000000084300000)
 Metaspace       used 56822K, committed 58176K, reserved 1114112K
  class space    used 6663K, committed 7232K, reserved 1048576K
}
Event: 32.419 GC heap before
{Heap before GC invocations=31 (full 2):
 PSYoungGen      total 22528K, used 22528K [0x00000000d5580000, 0x00000000d7200000, 0x0000000100000000)
  eden space 22016K, 100% used [0x00000000d5580000,0x00000000d6b00000,0x00000000d6b00000)
  from space 512K, 100% used [0x00000000d7180000,0x00000000d7200000,0x00000000d7200000)
  to   space 3584K, 0% used [0x00000000d6b00000,0x00000000d6b00000,0x00000000d6e80000)
 ParOldGen       total 68608K, used 49810K [0x0000000080000000, 0x0000000084300000, 0x00000000d5580000)
  object space 68608K, 72% used [0x0000000080000000,0x00000000830a4930,0x0000000084300000)
 Metaspace       used 56834K, committed 58176K, reserved 1114112K
  class space    used 6663K, committed 7232K, reserved 1048576K
}
Event: 32.425 GC heap after
{Heap after GC invocations=31 (full 2):
 PSYoungGen      total 25600K, used 2368K [0x00000000d5580000, 0x00000000d7200000, 0x0000000100000000)
  eden space 22016K, 0% used [0x00000000d5580000,0x00000000d5580000,0x00000000d6b00000)
  from space 3584K, 66% used [0x00000000d6b00000,0x00000000d6d50010,0x00000000d6e80000)
  to   space 3072K, 0% used [0x00000000d6f00000,0x00000000d6f00000,0x00000000d7200000)
 ParOldGen       total 68608K, used 50354K [0x0000000080000000, 0x0000000084300000, 0x00000000d5580000)
  object space 68608K, 73% used [0x0000000080000000,0x000000008312c930,0x0000000084300000)
 Metaspace       used 56834K, committed 58176K, reserved 1114112K
  class space    used 6663K, committed 7232K, reserved 1048576K
}
Event: 32.562 GC heap before
{Heap before GC invocations=32 (full 2):
 PSYoungGen      total 25600K, used 24384K [0x00000000d5580000, 0x00000000d7200000, 0x0000000100000000)
  eden space 22016K, 100% used [0x00000000d5580000,0x00000000d6b00000,0x00000000d6b00000)
  from space 3584K, 66% used [0x00000000d6b00000,0x00000000d6d50010,0x00000000d6e80000)
  to   space 3072K, 0% used [0x00000000d6f00000,0x00000000d6f00000,0x00000000d7200000)
 ParOldGen       total 68608K, used 50354K [0x0000000080000000, 0x0000000084300000, 0x00000000d5580000)
  object space 68608K, 73% used [0x0000000080000000,0x000000008312c930,0x0000000084300000)
 Metaspace       used 56842K, committed 58176K, reserved 1114112K
  class space    used 6663K, committed 7232K, reserved 1048576K
}
Event: 32.569 GC heap after
{Heap after GC invocations=32 (full 2):
 PSYoungGen      total 24576K, used 2052K [0x00000000d5580000, 0x00000000d7180000, 0x0000000100000000)
  eden space 22016K, 0% used [0x00000000d5580000,0x00000000d5580000,0x00000000d6b00000)
  from space 2560K, 80% used [0x00000000d6f00000,0x00000000d7101000,0x00000000d7180000)
  to   space 2560K, 0% used [0x00000000d6c80000,0x00000000d6c80000,0x00000000d6f00000)
 ParOldGen       total 68608K, used 52592K [0x0000000080000000, 0x0000000084300000, 0x00000000d5580000)
  object space 68608K, 76% used [0x0000000080000000,0x000000008335c2f0,0x0000000084300000)
 Metaspace       used 56842K, committed 58176K, reserved 1114112K
  class space    used 6663K, committed 7232K, reserved 1048576K
}

Dll operation events (13 events):
Event: 0.033 Loaded shared library c:\Users\JEREMIE\.vscode\extensions\redhat.java-1.52.0-win32-x64\jre\21.0.9-win32-x86_64\bin\java.dll
Event: 0.172 Loaded shared library c:\Users\JEREMIE\.vscode\extensions\redhat.java-1.52.0-win32-x64\jre\21.0.9-win32-x86_64\bin\zip.dll
Event: 0.238 Loaded shared library C:\Users\JEREMIE\.vscode\extensions\redhat.java-1.52.0-win32-x64\jre\21.0.9-win32-x86_64\bin\instrument.dll
Event: 0.248 Loaded shared library C:\Users\JEREMIE\.vscode\extensions\redhat.java-1.52.0-win32-x64\jre\21.0.9-win32-x86_64\bin\net.dll
Event: 0.253 Loaded shared library C:\Users\JEREMIE\.vscode\extensions\redhat.java-1.52.0-win32-x64\jre\21.0.9-win32-x86_64\bin\nio.dll
Event: 0.280 Loaded shared library C:\Users\JEREMIE\.vscode\extensions\redhat.java-1.52.0-win32-x64\jre\21.0.9-win32-x86_64\bin\zip.dll
Event: 0.313 Loaded shared library C:\Users\JEREMIE\.vscode\extensions\redhat.java-1.52.0-win32-x64\jre\21.0.9-win32-x86_64\bin\jimage.dll
Event: 0.452 Loaded shared library c:\Users\JEREMIE\.vscode\extensions\redhat.java-1.52.0-win32-x64\jre\21.0.9-win32-x86_64\bin\verify.dll
Event: 3.200 Loaded shared library C:\Users\JEREMIE\AppData\Roaming\Code\User\globalStorage\redhat.java\1.52.0\config_win\org.eclipse.equinox.launcher\org.eclipse.equinox.launcher.win32.win32.x86_64_1.2.1500.v20260121-1430\eclipse_11919.dll
Event: 6.035 Loaded shared library C:\Users\JEREMIE\AppData\Local\Temp\jna--990932293\jna15415086680742176486.dll
Event: 24.800 Loaded shared library C:\Users\JEREMIE\.gradle\native\68d5fa5c4cc2d200863cafc0d521ce42e7d3e7ee720ec0a83991735586a16f82\windows-amd64\native-platform.dll
Event: 27.428 Loaded shared library C:\Users\JEREMIE\.vscode\extensions\redhat.java-1.52.0-win32-x64\jre\21.0.9-win32-x86_64\bin\management.dll
Event: 27.435 Loaded shared library C:\Users\JEREMIE\.vscode\extensions\redhat.java-1.52.0-win32-x64\jre\21.0.9-win32-x86_64\bin\management_ext.dll

Deoptimization events (20 events):
Event: 32.175 Thread 0x0000015ee531ec70 Uncommon trap: trap_request=0xffffffde fr.pc=0x0000015ed008ab00 relative=0x00000000000004a0
Event: 32.175 Thread 0x0000015ee531ec70 Uncommon trap: reason=class_check action=maybe_recompile pc=0x0000015ed008ab00 method=java.util.ImmutableCollections$MapN.probe(Ljava/lang/Object;)I @ 1 c2
Event: 32.175 Thread 0x0000015ee531ec70 DEOPT PACKING pc=0x0000015ed008ab00 sp=0x000000179fcfd090
Event: 32.175 Thread 0x0000015ee531ec70 DEOPT UNPACKING pc=0x0000015ecf9c3aa2 sp=0x000000179fcfd040 mode 2
Event: 32.175 Thread 0x0000015ee531ec70 Uncommon trap: trap_request=0xffffffde fr.pc=0x0000015ed008ab00 relative=0x00000000000004a0
Event: 32.175 Thread 0x0000015ee531ec70 Uncommon trap: reason=class_check action=maybe_recompile pc=0x0000015ed008ab00 method=java.util.ImmutableCollections$MapN.probe(Ljava/lang/Object;)I @ 1 c2
Event: 32.175 Thread 0x0000015ee531ec70 DEOPT PACKING pc=0x0000015ed008ab00 sp=0x000000179fcfd090
Event: 32.175 Thread 0x0000015ee531ec70 DEOPT UNPACKING pc=0x0000015ecf9c3aa2 sp=0x000000179fcfd040 mode 2
Event: 32.175 Thread 0x0000015ee531ec70 Uncommon trap: trap_request=0xffffffde fr.pc=0x0000015ed008ab00 relative=0x00000000000004a0
Event: 32.175 Thread 0x0000015ee531ec70 Uncommon trap: reason=class_check action=maybe_recompile pc=0x0000015ed008ab00 method=java.util.ImmutableCollections$MapN.probe(Ljava/lang/Object;)I @ 1 c2
Event: 32.175 Thread 0x0000015ee531ec70 DEOPT PACKING pc=0x0000015ed008ab00 sp=0x000000179fcfd090
Event: 32.175 Thread 0x0000015ee531ec70 DEOPT UNPACKING pc=0x0000015ecf9c3aa2 sp=0x000000179fcfd040 mode 2
Event: 32.175 Thread 0x0000015ee531ec70 Uncommon trap: trap_request=0xffffffde fr.pc=0x0000015ed008ab00 relative=0x00000000000004a0
Event: 32.175 Thread 0x0000015ee531ec70 Uncommon trap: reason=class_check action=maybe_recompile pc=0x0000015ed008ab00 method=java.util.ImmutableCollections$MapN.probe(Ljava/lang/Object;)I @ 1 c2
Event: 32.175 Thread 0x0000015ee531ec70 DEOPT PACKING pc=0x0000015ed008ab00 sp=0x000000179fcfd090
Event: 32.175 Thread 0x0000015ee531ec70 DEOPT UNPACKING pc=0x0000015ecf9c3aa2 sp=0x000000179fcfd040 mode 2
Event: 32.520 Thread 0x0000015ee531ec70 Uncommon trap: trap_request=0xffffff45 fr.pc=0x0000015ed02ad35c relative=0x000000000000061c
Event: 32.520 Thread 0x0000015ee531ec70 Uncommon trap: reason=unstable_if action=reinterpret pc=0x0000015ed02ad35c method=java.util.ArrayList.equalsRange(Ljava/util/List;II)Z @ 41 c2
Event: 32.520 Thread 0x0000015ee531ec70 DEOPT PACKING pc=0x0000015ed02ad35c sp=0x000000179fcfd050
Event: 32.520 Thread 0x0000015ee531ec70 DEOPT UNPACKING pc=0x0000015ecf9c3aa2 sp=0x000000179fcfcff0 mode 2

Classes loaded (20 events):
Event: 31.713 Loading class sun/nio/ch/Util$4
Event: 31.714 Loading class sun/nio/ch/Util$4 done
Event: 31.726 Loading class java/nio/file/ClosedDirectoryStreamException
Event: 31.726 Loading class java/nio/file/ClosedDirectoryStreamException done
Event: 31.727 Loading class jdk/internal/jrtfs/JrtFileSystem
Event: 31.727 Loading class jdk/internal/jrtfs/JrtFileSystem done
Event: 31.728 Loading class jdk/internal/jrtfs/JrtPath
Event: 31.728 Loading class jdk/internal/jrtfs/JrtPath done
Event: 31.729 Loading class jdk/internal/jimage/ImageReader$Node
Event: 31.729 Loading class jdk/internal/jimage/ImageReader$Node done
Event: 31.739 Loading class java/nio/ByteBufferAsIntBufferL
Event: 31.739 Loading class java/nio/ByteBufferAsIntBufferL done
Event: 31.743 Loading class jdk/internal/jimage/ImageReader$Directory
Event: 31.743 Loading class jdk/internal/jimage/ImageReader$Directory done
Event: 31.776 Loading class java/util/concurrent/CompletableFuture$Signaller
Event: 31.776 Loading class java/util/concurrent/CompletableFuture$Signaller done
Event: 32.212 Loading class java/nio/channels/Channels$ReadableByteChannelImpl
Event: 32.212 Loading class java/nio/channels/Channels$ReadableByteChannelImpl done
Event: 32.212 Loading class java/nio/channels/NonWritableChannelException
Event: 32.213 Loading class java/nio/channels/NonWritableChannelException done

Classes unloaded (20 events):
Event: 7.121 Thread 0x0000015ec51d3d80 Unloading class 0x0000015e811a3400 'java/lang/invoke/LambdaForm$MH+0x0000015e811a3400'
Event: 7.121 Thread 0x0000015ec51d3d80 Unloading class 0x0000015e811a3000 'java/lang/invoke/LambdaForm$MH+0x0000015e811a3000'
Event: 7.121 Thread 0x0000015ec51d3d80 Unloading class 0x0000015e811a2c00 'java/lang/invoke/LambdaForm$MH+0x0000015e811a2c00'
Event: 7.121 Thread 0x0000015ec51d3d80 Unloading class 0x0000015e811a2800 'java/lang/invoke/LambdaForm$BMH+0x0000015e811a2800'
Event: 7.121 Thread 0x0000015ec51d3d80 Unloading class 0x0000015e811a2400 'java/lang/invoke/LambdaForm$DMH+0x0000015e811a2400'
Event: 7.121 Thread 0x0000015ec51d3d80 Unloading class 0x0000015e811a1000 'java/lang/invoke/LambdaForm$DMH+0x0000015e811a1000'
Event: 8.992 Thread 0x0000015ec51d3d80 Unloading class 0x0000015e81318000 'java/lang/invoke/LambdaForm$MH+0x0000015e81318000'
Event: 8.992 Thread 0x0000015ec51d3d80 Unloading class 0x0000015e81317400 'java/lang/invoke/LambdaForm$MH+0x0000015e81317400'
Event: 8.992 Thread 0x0000015ec51d3d80 Unloading class 0x0000015e81316c00 'java/lang/invoke/LambdaForm$MH+0x0000015e81316c00'
Event: 8.992 Thread 0x0000015ec51d3d80 Unloading class 0x0000015e81316400 'java/lang/invoke/LambdaForm$MH+0x0000015e81316400'
Event: 8.992 Thread 0x0000015ec51d3d80 Unloading class 0x0000015e81315c00 'java/lang/invoke/LambdaForm$DMH+0x0000015e81315c00'
Event: 8.992 Thread 0x0000015ec51d3d80 Unloading class 0x0000015e81315400 'java/lang/invoke/LambdaForm$MH+0x0000015e81315400'
Event: 8.992 Thread 0x0000015ec51d3d80 Unloading class 0x0000015e81312000 'java/lang/invoke/LambdaForm$MH+0x0000015e81312000'
Event: 8.992 Thread 0x0000015ec51d3d80 Unloading class 0x0000015e81311400 'java/lang/invoke/LambdaForm$MH+0x0000015e81311400'
Event: 8.992 Thread 0x0000015ec51d3d80 Unloading class 0x0000015e81310800 'java/lang/invoke/LambdaForm$MH+0x0000015e81310800'
Event: 8.992 Thread 0x0000015ec51d3d80 Unloading class 0x0000015e81310000 'java/lang/invoke/LambdaForm$MH+0x0000015e81310000'
Event: 8.992 Thread 0x0000015ec51d3d80 Unloading class 0x0000015e8130b800 'java/lang/invoke/LambdaForm$MH+0x0000015e8130b800'
Event: 8.992 Thread 0x0000015ec51d3d80 Unloading class 0x0000015e8130b000 'java/lang/invoke/LambdaForm$MH+0x0000015e8130b000'
Event: 8.992 Thread 0x0000015ec51d3d80 Unloading class 0x0000015e8130ac00 'java/lang/invoke/LambdaForm$MH+0x0000015e8130ac00'
Event: 8.992 Thread 0x0000015ec51d3d80 Unloading class 0x0000015e8130a400 'java/lang/invoke/LambdaForm$DMH+0x0000015e8130a400'

Classes redefined (0 events):
No events

Internal exceptions (20 events):
Event: 31.238 Thread 0x0000015ee305dde0 Exception <a 'sun/nio/fs/WindowsException'{0x00000000d628a5c8}> (0x00000000d628a5c8) 
thrown [s\src\hotspot\share\prims\jni.cpp, line 520]
Event: 31.239 Thread 0x0000015ee305dde0 Exception <a 'sun/nio/fs/WindowsException'{0x00000000d628e9b0}> (0x00000000d628e9b0) 
thrown [s\src\hotspot\share\prims\jni.cpp, line 520]
Event: 31.239 Thread 0x0000015ee305dde0 Exception <a 'sun/nio/fs/WindowsException'{0x00000000d62937b8}> (0x00000000d62937b8) 
thrown [s\src\hotspot\share\prims\jni.cpp, line 520]
Event: 31.240 Thread 0x0000015ee305dde0 Exception <a 'sun/nio/fs/WindowsException'{0x00000000d6297ba0}> (0x00000000d6297ba0) 
thrown [s\src\hotspot\share\prims\jni.cpp, line 520]
Event: 31.241 Thread 0x0000015ee305dde0 Exception <a 'sun/nio/fs/WindowsException'{0x00000000d629c9a8}> (0x00000000d629c9a8) 
thrown [s\src\hotspot\share\prims\jni.cpp, line 520]
Event: 31.241 Thread 0x0000015ee305dde0 Exception <a 'sun/nio/fs/WindowsException'{0x00000000d62a1008}> (0x00000000d62a1008) 
thrown [s\src\hotspot\share\prims\jni.cpp, line 520]
Event: 31.242 Thread 0x0000015ee305dde0 Exception <a 'sun/nio/fs/WindowsException'{0x00000000d62a53f0}> (0x00000000d62a53f0) 
thrown [s\src\hotspot\share\prims\jni.cpp, line 520]
Event: 31.243 Thread 0x0000015ee305dde0 Exception <a 'sun/nio/fs/WindowsException'{0x00000000d62a97d8}> (0x00000000d62a97d8) 
thrown [s\src\hotspot\share\prims\jni.cpp, line 520]
Event: 31.244 Thread 0x0000015ee305dde0 Exception <a 'sun/nio/fs/WindowsException'{0x00000000d62ae288}> (0x00000000d62ae288) 
thrown [s\src\hotspot\share\prims\jni.cpp, line 520]
Event: 31.245 Thread 0x0000015ee305dde0 Exception <a 'sun/nio/fs/WindowsException'{0x00000000d62b2558}> (0x00000000d62b2558) 
thrown [s\src\hotspot\share\prims\jni.cpp, line 520]
Event: 31.249 Thread 0x0000015ee305dde0 Exception <a 'sun/nio/fs/WindowsException'{0x00000000d62b6638}> (0x00000000d62b6638) 
thrown [s\src\hotspot\share\prims\jni.cpp, line 520]
Event: 31.253 Thread 0x0000015ee305dde0 Exception <a 'sun/nio/fs/WindowsException'{0x00000000d62ba700}> (0x00000000d62ba700) 
thrown [s\src\hotspot\share\prims\jni.cpp, line 520]
Event: 31.254 Thread 0x0000015ee305dde0 Exception <a 'sun/nio/fs/WindowsException'{0x00000000d62bedd0}> (0x00000000d62bedd0) 
thrown [s\src\hotspot\share\prims\jni.cpp, line 520]
Event: 31.256 Thread 0x0000015ee305dde0 Exception <a 'sun/nio/fs/WindowsException'{0x00000000d62c3188}> (0x00000000d62c3188) 
thrown [s\src\hotspot\share\prims\jni.cpp, line 520]
Event: 31.257 Thread 0x0000015ee305dde0 Exception <a 'sun/nio/fs/WindowsException'{0x00000000d62c7ac0}> (0x00000000d62c7ac0) 
thrown [s\src\hotspot\share\prims\jni.cpp, line 520]
Event: 31.258 Thread 0x0000015ee305dde0 Exception <a 'sun/nio/fs/WindowsException'{0x00000000d62cb6d0}> (0x00000000d62cb6d0) 
thrown [s\src\hotspot\share\prims\jni.cpp, line 520]
Event: 31.258 Thread 0x0000015ee305dde0 Exception <a 'sun/nio/fs/WindowsException'{0x00000000d62cfba0}> (0x00000000d62cfba0) 
thrown [s\src\hotspot\share\prims\jni.cpp, line 520]
Event: 31.715 Thread 0x0000015ee531ec70 Implicit null exception at 0x0000015ed01aafb1 to 0x0000015ed01ab2b8
Event: 31.716 Thread 0x0000015ee531ec70 Exception <a 'java/lang/NoSuchMethodError'{0x00000000d697fa10}: 'java.lang.Object java.lang.invoke.DelegatingMethodHandle$Holder.reinvoke_L(java.lang.Object, int, long, java.lang.Object, java.lang.Object, int, java.lang.Object)'> (0x00000000d697fa10) 
thrown [s\src\hotspot\share\interpreter\linkResolver.cpp, line 773]
Event: 31.893 Thread 0x0000015ee531ec70 Exception <a 'java/lang/NoSuchMethodError'{0x00000000d5a04fe8}: 'java.lang.Object java.lang.invoke.Invokers$Holder.invoke_MT(java.lang.Object, java.lang.Object, java.lang.Object, java.lang.Object, java.lang.Object, java.lang.Object, java.lang.Object, java.lang.Object, java.lang.Object, java.lang.Object)'> (0x00000000d5a04fe8) 
thrown [s\src\hotspot\share\interpreter\linkResolver.cpp, line 773]

ZGC Phase Switch (0 events):
No events

VM Operations (20 events):
Event: 31.696 Executing VM operation: HandshakeAllThreads (Deoptimize)
Event: 31.696 Executing VM operation: HandshakeAllThreads (Deoptimize) done
Event: 31.724 Executing VM operation: HandshakeAllThreads (Deoptimize)
Event: 31.724 Executing VM operation: HandshakeAllThreads (Deoptimize) done
Event: 31.740 Executing VM operation: HandshakeAllThreads (Deoptimize)
Event: 31.740 Executing VM operation: HandshakeAllThreads (Deoptimize) done
Event: 31.742 Executing VM operation: HandshakeAllThreads (Deoptimize)
Event: 31.742 Executing VM operation: HandshakeAllThreads (Deoptimize) done
Event: 31.770 Executing VM operation: ParallelGCFailedAllocation (Allocation Failure)
Event: 31.773 Executing VM operation: ParallelGCFailedAllocation (Allocation Failure) done
Event: 31.822 Executing VM operation: HandshakeAllThreads (Deoptimize)
Event: 31.822 Executing VM operation: HandshakeAllThreads (Deoptimize) done
Event: 32.041 Executing VM operation: ParallelGCFailedAllocation (Allocation Failure)
Event: 32.045 Executing VM operation: ParallelGCFailedAllocation (Allocation Failure) done
Event: 32.248 Executing VM operation: ParallelGCFailedAllocation (Allocation Failure)
Event: 32.254 Executing VM operation: ParallelGCFailedAllocation (Allocation Failure) done
Event: 32.419 Executing VM operation: ParallelGCFailedAllocation (Allocation Failure)
Event: 32.425 Executing VM operation: ParallelGCFailedAllocation (Allocation Failure) done
Event: 32.562 Executing VM operation: ParallelGCFailedAllocation (Allocation Failure)
Event: 32.569 Executing VM operation: ParallelGCFailedAllocation (Allocation Failure) done

Memory protections (0 events):
No events

Nmethod flushes (20 events):
Event: 9.006 Thread 0x0000015ec51d3d80 flushing  nmethod 0x0000015ec8927a90
Event: 9.006 Thread 0x0000015ec51d3d80 flushing  nmethod 0x0000015ec8980090
Event: 9.006 Thread 0x0000015ec51d3d80 flushing  nmethod 0x0000015ec8a2f990
Event: 9.006 Thread 0x0000015ec51d3d80 flushing  nmethod 0x0000015ec8a5fe90
Event: 9.006 Thread 0x0000015ec51d3d80 flushing  nmethod 0x0000015ec8a60290
Event: 9.006 Thread 0x0000015ec51d3d80 flushing  nmethod 0x0000015ec8a60b90
Event: 9.006 Thread 0x0000015ec51d3d80 flushing  nmethod 0x0000015ec8a61d90
Event: 9.006 Thread 0x0000015ec51d3d80 flushing  nmethod 0x0000015ec8a62590
Event: 9.006 Thread 0x0000015ec51d3d80 flushing  nmethod 0x0000015ec8a64290
Event: 9.006 Thread 0x0000015ec51d3d80 flushing  nmethod 0x0000015ec8a64b90
Event: 9.006 Thread 0x0000015ec51d3d80 flushing  nmethod 0x0000015ec8a66c90
Event: 9.006 Thread 0x0000015ec51d3d80 flushing  nmethod 0x0000015ec8a67f10
Event: 9.006 Thread 0x0000015ec51d3d80 flushing  nmethod 0x0000015ec8a69390
Event: 9.006 Thread 0x0000015ec51d3d80 flushing  nmethod 0x0000015ec8a9b910
Event: 9.006 Thread 0x0000015ec51d3d80 flushing  nmethod 0x0000015ec8a9d910
Event: 9.006 Thread 0x0000015ec51d3d80 flushing  nmethod 0x0000015ec8ab6f10
Event: 9.006 Thread 0x0000015ec51d3d80 flushing  nmethod 0x0000015ec8ab7410
Event: 9.006 Thread 0x0000015ec51d3d80 flushing  nmethod 0x0000015ec8afcf10
Event: 9.006 Thread 0x0000015ec51d3d80 flushing  nmethod 0x0000015ec8affa10
Event: 9.006 Thread 0x0000015ec51d3d80 flushing  nmethod 0x0000015ec8b29490

Events (20 events):
Event: 9.053 Thread 0x0000015ec2e025f0 Thread added: 0x0000015ee53220f0
Event: 9.053 Thread 0x0000015ec2e025f0 Thread added: 0x0000015ee5320020
Event: 9.054 Thread 0x0000015ec2e025f0 Thread added: 0x0000015ee5321a60
Event: 9.124 Thread 0x0000015ec2e025f0 Thread added: 0x0000015ee531cba0
Event: 9.515 Thread 0x0000015ec2e025f0 Thread added: 0x0000015ee53206b0
Event: 9.515 Thread 0x0000015ec2e025f0 Thread added: 0x0000015ee531ec70
Event: 12.072 Thread 0x0000015ee305feb0 Thread added: 0x0000015ee531f300
Event: 12.073 Thread 0x0000015ee305feb0 Thread added: 0x0000015ee531f990
Event: 12.073 Thread 0x0000015ee531f300 Thread added: 0x0000015ee531d230
Event: 12.074 Thread 0x0000015ee531f990 Thread added: 0x0000015ee5320d40
Event: 12.074 Thread 0x0000015ee531d230 Thread added: 0x0000015ee53213d0
Event: 12.074 Thread 0x0000015ee5320d40 Thread added: 0x0000015ee5322780
Event: 12.075 Thread 0x0000015ee53213d0 Thread added: 0x0000015ee531be80
Event: 14.574 Thread 0x0000015ee39c1d30 Thread exited: 0x0000015ee39c1d30
Event: 23.632 Thread 0x0000015ee305dde0 Thread added: 0x0000015ee53234a0
Event: 23.854 Thread 0x0000015ee305dde0 Thread added: 0x0000015ee5b98150
Event: 28.383 Thread 0x0000015ee5b98150 Thread added: 0x0000015ee5b97430
Event: 28.741 Thread 0x0000015ee5b97430 Thread added: 0x0000015ee5b94640
Event: 28.741 Thread 0x0000015ee5b97430 Thread added: 0x0000015ee5b93fb0
Event: 29.631 Thread 0x0000015ee5b98150 Thread exited: 0x0000015ee5b98150


Dynamic libraries:
0x00007ff664920000 - 0x00007ff66492e000 	c:\Users\JEREMIE\.vscode\extensions\redhat.java-1.52.0-win32-x64\jre\21.0.9-win32-x86_64\bin\java.exe
0x00007ffc385d0000 - 0x00007ffc387e8000 	C:\WINDOWS\SYSTEM32\ntdll.dll
0x00007ffc36ac0000 - 0x00007ffc36b84000 	C:\WINDOWS\System32\KERNEL32.DLL
0x00007ffc356e0000 - 0x00007ffc35ab3000 	C:\WINDOWS\System32\KERNELBASE.dll
0x00007ffc35f90000 - 0x00007ffc360a1000 	C:\WINDOWS\System32\ucrtbase.dll
0x00007ffbb8640000 - 0x00007ffbb865e000 	c:\Users\JEREMIE\.vscode\extensions\redhat.java-1.52.0-win32-x64\jre\21.0.9-win32-x86_64\bin\VCRUNTIME140.dll
0x00007ffbe4f70000 - 0x00007ffbe4f88000 	c:\Users\JEREMIE\.vscode\extensions\redhat.java-1.52.0-win32-x64\jre\21.0.9-win32-x86_64\bin\jli.dll
0x00007ffc37020000 - 0x00007ffc371d2000 	C:\WINDOWS\System32\USER32.dll
0x00007ffc35df0000 - 0x00007ffc35e16000 	C:\WINDOWS\System32\win32u.dll
0x00007ffc36b90000 - 0x00007ffc36bb9000 	C:\WINDOWS\System32\GDI32.dll
0x00007ffc35ac0000 - 0x00007ffc35bdb000 	C:\WINDOWS\System32\gdi32full.dll
0x00007ffc35d50000 - 0x00007ffc35dea000 	C:\WINDOWS\System32\msvcp_win.dll
0x00007ffc1c660000 - 0x00007ffc1c8fc000 	C:\WINDOWS\WinSxS\amd64_microsoft.windows.common-controls_6595b64144ccf1df_6.0.22621.6060_none_2712eda17382d24b\COMCTL32.dll
0x00007ffc36a00000 - 0x00007ffc36aa7000 	C:\WINDOWS\System32\msvcrt.dll
0x00007ffc38100000 - 0x00007ffc38131000 	C:\WINDOWS\System32\IMM32.DLL
0x00000000704f0000 - 0x00000000704fd000 	C:\Program Files (x86)\360\Total Security\safemon\SafeWrapper.dll
0x00007ffc36d90000 - 0x00007ffc36e41000 	C:\WINDOWS\System32\ADVAPI32.dll
0x00007ffc371e0000 - 0x00007ffc37288000 	C:\WINDOWS\System32\sechost.dll
0x00007ffc35be0000 - 0x00007ffc35c08000 	C:\WINDOWS\System32\bcrypt.dll
0x00007ffc36bc0000 - 0x00007ffc36cd8000 	C:\WINDOWS\System32\RPCRT4.dll
0x00007ffc2d690000 - 0x00007ffc2d795000 	C:\Program Files (x86)\360\Total Security\safemon\libzdtp64.dll
0x00007ffc376a0000 - 0x00007ffc37f3c000 	C:\WINDOWS\System32\SHELL32.dll
0x00007ffc360b0000 - 0x00007ffc361ef000 	C:\WINDOWS\System32\wintypes.dll
0x00007ffc37290000 - 0x00007ffc37621000 	C:\WINDOWS\System32\combase.dll
0x00007ffc37630000 - 0x00007ffc37699000 	C:\WINDOWS\System32\SHLWAPI.dll
0x00007ffc350b0000 - 0x00007ffc350ba000 	C:\WINDOWS\SYSTEM32\VERSION.dll
0x00007ffc185c0000 - 0x00007ffc185cc000 	c:\Users\JEREMIE\.vscode\extensions\redhat.java-1.52.0-win32-x64\jre\21.0.9-win32-x86_64\bin\vcruntime140_1.dll
0x00007ffbb2010000 - 0x00007ffbb209d000 	c:\Users\JEREMIE\.vscode\extensions\redhat.java-1.52.0-win32-x64\jre\21.0.9-win32-x86_64\bin\msvcp140.dll
0x00007ffb7d410000 - 0x00007ffb7e1b0000 	c:\Users\JEREMIE\.vscode\extensions\redhat.java-1.52.0-win32-x64\jre\21.0.9-win32-x86_64\bin\server\jvm.dll
0x00007ffc38510000 - 0x00007ffc38581000 	C:\WINDOWS\System32\WS2_32.dll
0x00007ffc355b0000 - 0x00007ffc355fd000 	C:\WINDOWS\SYSTEM32\POWRPROF.dll
0x00007ffc2e3e0000 - 0x00007ffc2e414000 	C:\WINDOWS\SYSTEM32\WINMM.dll
0x00007ffc35590000 - 0x00007ffc355a3000 	C:\WINDOWS\SYSTEM32\UMPDC.dll
0x00007ffc34650000 - 0x00007ffc34668000 	C:\WINDOWS\SYSTEM32\kernel.appcore.dll
0x00007ffc0f1b0000 - 0x00007ffc0f1ba000 	c:\Users\JEREMIE\.vscode\extensions\redhat.java-1.52.0-win32-x64\jre\21.0.9-win32-x86_64\bin\jimage.dll
0x00007ffc32f40000 - 0x00007ffc33173000 	C:\WINDOWS\SYSTEM32\DBGHELP.DLL
0x00007ffc36920000 - 0x00007ffc369f8000 	C:\WINDOWS\System32\OLEAUT32.dll
0x00007ffc102f0000 - 0x00007ffc10322000 	C:\WINDOWS\SYSTEM32\dbgcore.DLL
0x00007ffc35cd0000 - 0x00007ffc35d4b000 	C:\WINDOWS\System32\bcryptPrimitives.dll
0x00007ffc2b470000 - 0x00007ffc2b47f000 	c:\Users\JEREMIE\.vscode\extensions\redhat.java-1.52.0-win32-x64\jre\21.0.9-win32-x86_64\bin\instrument.dll
0x00007ffbb8310000 - 0x00007ffbb8330000 	c:\Users\JEREMIE\.vscode\extensions\redhat.java-1.52.0-win32-x64\jre\21.0.9-win32-x86_64\bin\java.dll
0x00007ffc33570000 - 0x00007ffc33e8a000 	C:\WINDOWS\SYSTEM32\windows.storage.dll
0x00007ffc36270000 - 0x00007ffc36374000 	C:\WINDOWS\System32\SHCORE.dll
0x00007ffc35610000 - 0x00007ffc35635000 	C:\WINDOWS\SYSTEM32\profapi.dll
0x00007ffbb82f0000 - 0x00007ffbb8308000 	c:\Users\JEREMIE\.vscode\extensions\redhat.java-1.52.0-win32-x64\jre\21.0.9-win32-x86_64\bin\zip.dll
0x00007ffc0be90000 - 0x00007ffc0bea0000 	C:\Users\JEREMIE\.vscode\extensions\redhat.java-1.52.0-win32-x64\jre\21.0.9-win32-x86_64\bin\net.dll
0x00007ffc30cd0000 - 0x00007ffc30dfc000 	C:\WINDOWS\SYSTEM32\WINHTTP.dll
0x00007ffc34b30000 - 0x00007ffc34b99000 	C:\WINDOWS\system32\mswsock.dll
0x00007ffbb82d0000 - 0x00007ffbb82e6000 	C:\Users\JEREMIE\.vscode\extensions\redhat.java-1.52.0-win32-x64\jre\21.0.9-win32-x86_64\bin\nio.dll
0x00007ffc1fce0000 - 0x00007ffc1fcf0000 	c:\Users\JEREMIE\.vscode\extensions\redhat.java-1.52.0-win32-x64\jre\21.0.9-win32-x86_64\bin\verify.dll
0x00007ffc001f0000 - 0x00007ffc00235000 	C:\Users\JEREMIE\AppData\Roaming\Code\User\globalStorage\redhat.java\1.52.0\config_win\org.eclipse.equinox.launcher\org.eclipse.equinox.launcher.win32.win32.x86_64_1.2.1500.v20260121-1430\eclipse_11919.dll
0x00007ffc38190000 - 0x00007ffc38331000 	C:\WINDOWS\System32\ole32.dll
0x00007ffc34d80000 - 0x00007ffc34d9b000 	C:\WINDOWS\SYSTEM32\CRYPTSP.dll
0x00007ffc345b0000 - 0x00007ffc345e7000 	C:\WINDOWS\system32\rsaenh.dll
0x00007ffc34c20000 - 0x00007ffc34c48000 	C:\WINDOWS\SYSTEM32\USERENV.dll
0x00007ffc34da0000 - 0x00007ffc34dac000 	C:\WINDOWS\SYSTEM32\CRYPTBASE.dll
0x00007ffc340f0000 - 0x00007ffc3411d000 	C:\WINDOWS\SYSTEM32\IPHLPAPI.DLL
0x00007ffc36fb0000 - 0x00007ffc36fb9000 	C:\WINDOWS\System32\NSI.dll
0x00007ffbe9070000 - 0x00007ffbe90b9000 	C:\Users\JEREMIE\AppData\Local\Temp\jna--990932293\jna15415086680742176486.dll
0x00007ffc38500000 - 0x00007ffc38508000 	C:\WINDOWS\System32\PSAPI.DLL
0x00007ffc307b0000 - 0x00007ffc307c9000 	C:\WINDOWS\SYSTEM32\dhcpcsvc6.DLL
0x00007ffc30790000 - 0x00007ffc307af000 	C:\WINDOWS\SYSTEM32\dhcpcsvc.DLL
0x00007ffc02d80000 - 0x00007ffc02da7000 	C:\Users\JEREMIE\.gradle\native\68d5fa5c4cc2d200863cafc0d521ce42e7d3e7ee720ec0a83991735586a16f82\windows-amd64\native-platform.dll
0x00007ffc04360000 - 0x00007ffc0436a000 	C:\Users\JEREMIE\.vscode\extensions\redhat.java-1.52.0-win32-x64\jre\21.0.9-win32-x86_64\bin\management.dll
0x00007ffc039e0000 - 0x00007ffc039ec000 	C:\Users\JEREMIE\.vscode\extensions\redhat.java-1.52.0-win32-x64\jre\21.0.9-win32-x86_64\bin\management_ext.dll

JVMTI agents:
c:\Users\JEREMIE\.vscode\extensions\redhat.java-1.52.0-win32-x64\lombok\lombok-1.18.39-4050.jar path:c:\Users\JEREMIE\.vscode\extensions\redhat.java-1.52.0-win32-x64\jre\21.0.9-win32-x86_64\bin\instrument.dll, loaded, initialized, instrumentlib options:none

dbghelp: loaded successfully - version: 4.0.5 - missing functions: none
symbol engine: initialized successfully - sym options: 0x614 - pdb path: .;c:\Users\JEREMIE\.vscode\extensions\redhat.java-1.52.0-win32-x64\jre\21.0.9-win32-x86_64\bin;C:\WINDOWS\SYSTEM32;C:\WINDOWS\WinSxS\amd64_microsoft.windows.common-controls_6595b64144ccf1df_6.0.22621.6060_none_2712eda17382d24b;C:\Program Files (x86)\360\Total Security\safemon;c:\Users\JEREMIE\.vscode\extensions\redhat.java-1.52.0-win32-x64\jre\21.0.9-win32-x86_64\bin\server;C:\Users\JEREMIE\AppData\Roaming\Code\User\globalStorage\redhat.java\1.52.0\config_win\org.eclipse.equinox.launcher\org.eclipse.equinox.launcher.win32.win32.x86_64_1.2.1500.v20260121-1430;C:\Users\JEREMIE\AppData\Local\Temp\jna--990932293;C:\Users\JEREMIE\.gradle\native\68d5fa5c4cc2d200863cafc0d521ce42e7d3e7ee720ec0a83991735586a16f82\windows-amd64

VM Arguments:
jvm_args: --add-modules=ALL-SYSTEM --add-opens=java.base/java.util=ALL-UNNAMED --add-opens=java.base/java.lang=ALL-UNNAMED --add-opens=java.base/sun.nio.fs=ALL-UNNAMED -Declipse.application=org.eclipse.jdt.ls.core.id1 -Dosgi.bundles.defaultStartLevel=4 -Declipse.product=org.eclipse.jdt.ls.core.product -Djava.import.generatesMetadataFilesAtProjectRoot=false -DDetectVMInstallationsJob.disabled=true -Dfile.encoding=utf8 -XX:+UseParallelGC -XX:GCTimeRatio=4 -XX:AdaptiveSizePolicyWeight=90 -Dsun.zip.disableMemoryMapping=true -Xmx2G -Xms100m -Xlog:disable -javaagent:c:\Users\JEREMIE\.vscode\extensions\redhat.java-1.52.0-win32-x64\lombok\lombok-1.18.39-4050.jar -XX:+HeapDumpOnOutOfMemoryError -XX:HeapDumpPath=c:\Users\JEREMIE\AppData\Roaming\Code\User\workspaceStorage\63474e2ec000af6b422a27403d030dcc\redhat.java -Daether.dependencyCollector.impl=bf 
java_command: c:\Users\JEREMIE\.vscode\extensions\redhat.java-1.52.0-win32-x64\server\plugins\org.eclipse.equinox.launcher_1.7.100.v20251111-0406.jar -configuration c:\Users\JEREMIE\AppData\Roaming\Code\User\globalStorage\redhat.java\1.52.0\config_win -data c:\Users\JEREMIE\AppData\Roaming\Code\User\workspaceStorage\63474e2ec000af6b422a27403d030dcc\redhat.java\jdt_ws --pipe=\\.\pipe\lsp-0fd97882abd73718300afba2fd3c9392-sock
java_class_path (initial): c:\Users\JEREMIE\.vscode\extensions\redhat.java-1.52.0-win32-x64\server\plugins\org.eclipse.equinox.launcher_1.7.100.v20251111-0406.jar
Launcher Type: SUN_STANDARD

[Global flags]
    uintx AdaptiveSizePolicyWeight                 = 90                                        {product} {command line}
     intx CICompilerCount                          = 4                                         {product} {ergonomic}
    uintx GCTimeRatio                              = 4                                         {product} {command line}
     bool HeapDumpOnOutOfMemoryError               = true                                   {manageable} {command line}
    ccstr HeapDumpPath                             = c:\Users\JEREMIE\AppData\Roaming\Code\User\workspaceStorage\63474e2ec000af6b422a27403d030dcc\redhat.java         {manageable} {command line}
   size_t InitialHeapSize                          = 104857600                                 {product} {command line}
   size_t MaxHeapSize                              = 2147483648                                {product} {command line}
   size_t MaxNewSize                               = 715653120                                 {product} {ergonomic}
   size_t MinHeapDeltaBytes                        = 524288                                    {product} {ergonomic}
   size_t MinHeapSize                              = 104857600                                 {product} {command line}
   size_t NewSize                                  = 34603008                                  {product} {ergonomic}
    uintx NonNMethodCodeHeapSize                   = 5839372                                {pd product} {ergonomic}
    uintx NonProfiledCodeHeapSize                  = 122909434                              {pd product} {ergonomic}
   size_t OldSize                                  = 70254592                                  {product} {ergonomic}
    uintx ProfiledCodeHeapSize                     = 122909434                              {pd product} {ergonomic}
    uintx ReservedCodeCacheSize                    = 251658240                              {pd product} {ergonomic}
     bool SegmentedCodeCache                       = true                                      {product} {ergonomic}
   size_t SoftMaxHeapSize                          = 2147483648                             {manageable} {ergonomic}
     bool UseCompressedOops                        = true                           {product lp64_product} {ergonomic}
     bool UseLargePagesIndividualAllocation        = false                                  {pd product} {ergonomic}
     bool UseParallelGC                            = true                                      {product} {command line}

Logging:
Log output configuration:
 #0: stdout all=off uptime,level,tags foldmultilines=false
 #1: stderr all=off uptime,level,tags foldmultilines=false

Release file:
JAVA_VERSION="21.0.9" 
MODULES="java.base java.compiler java.datatransfer java.xml java.prefs java.desktop java.instrument java.logging java.management java.security.sasl java.naming java.rmi java.management.rmi java.net.http java.scripting java.security.jgss java.transaction.xa java.sql java.sql.rowset java.xml.crypto java.se java.smartcardio jdk.accessibility jdk.internal.jvmstat jdk.attach jdk.charsets jdk.internal.opt jdk.zipfs jdk.compiler jdk.crypto.ec jdk.crypto.cryptoki jdk.crypto.mscapi jdk.dynalink jdk.internal.ed jdk.editpad jdk.hotspot.agent jdk.httpserver jdk.internal.le jdk.internal.vm.ci jdk.internal.vm.compiler jdk.internal.vm.compiler.management jdk.jartool jdk.javadoc jdk.jcmd jdk.management jdk.management.agent jdk.jconsole jdk.jdeps jdk.jdwp.agent jdk.jdi jdk.jfr jdk.jshell jdk.jsobject jdk.jstatd jdk.localedata jdk.management.jfr jdk.naming.dns jdk.naming.rmi jdk.net jdk.nio.mapmode jdk.random jdk.sctp jdk.security.auth jdk.security.jgss jdk.unsupported jdk.unsupported.desktop jdk.xml.dom" 

Environment Variables:
JAVA_HOME=E:\Programme\Java\jdk-21
PATH=C:\Program Files\Common Files\Oracle\Java\javapath;E:\Programme\Vmware\bin\;E:\Programme\Python39\Scripts\;E:\Programme\Python39\;C:\WINDOWS\system32;C:\WINDOWS;C:\WINDOWS\System32\Wbem;C:\WINDOWS\System32\WindowsPowerShell\v1.0\;C:\WINDOWS\System32\OpenSSH\;E:\Programme\Java\jdk-21\bin;E:\Programme\flutter\flutter\bin;E:\Programme\;E:\Programme\platform-tools;E:\Programme\Git\Git\cmd;C:\apktools;E:\Programme\python38_32bit\Scripts\;E:\Programme\python38_32bit\;C:\Users\JEREMIE\AppData\Local\Microsoft\WindowsApps;E:\Programme\VSCode\Microsoft VS Code\bin;E:\Programme\MinGW\bin;C:\Users\JEREMIE\AppData\Roaming\npm;E:\Programme\flutter\flutter\bin;E:\Programme\jdk-24\bin;;C:\Users\JEREMIE\.lmstudio\bin;E:\Programme\Nmap;C:\Users\JEREMIE\AppData\Local\Programs\Antigravity\bin
USERNAME=JEREMIE
OS=Windows_NT
PROCESSOR_IDENTIFIER=Intel64 Family 6 Model 142 Stepping 12, GenuineIntel
TMP=C:\Users\JEREMIE\AppData\Local\Temp
TEMP=C:\Users\JEREMIE\AppData\Local\Temp




Periodic native trim disabled

---------------  S Y S T E M  ---------------

OS:
 Windows 11 , 64 bit Build 22621 (10.0.22621.5415)
OS uptime: 2 days 2:20 hours

CPU: total 8 (initial active 8) (4 cores per cpu, 2 threads per core) family 6 model 142 stepping 12 microcode 0xfa, cx8, cmov, fxsr, ht, mmx, 3dnowpref, sse, sse2, sse3, ssse3, sse4.1, sse4.2, popcnt, lzcnt, tsc, tscinvbit, avx, avx2, aes, erms, clmul, bmi1, bmi2, adx, fma, vzeroupper, clflush, clflushopt, rdtscp, f16c
Processor Information for the first 8 processors :
  Max Mhz: 1992, Current Mhz: 796, Mhz Limit: 796

Memory: 4k page, system-wide physical 7971M (373M free)
TotalPageFile size 24750M (AvailPageFile size 1M)
current process WorkingSet (physical memory assigned to process): 262M, peak: 262M
current process commit charge ("private bytes"): 354M, peak: 357M

vm_info: OpenJDK 64-Bit Server VM (21.0.9+10-LTS) for windows-amd64 JRE (21.0.9+10-LTS), built on 2025-10-21T00:00:00Z by "admin" with unknown MS VC++:1942

END.
